You have not explicitly specified the mode to use. Using default "report" mode.
Available modes are the following: patch, report, context, org
You can specify the mode with "make coccicheck MODE=<mode>"
Note however that some modes are not implemented by some semantic patches.

Please check for false positives in the output before submitting a patch.
When using "patch" mode, carefully review the patch before submitting it.

./drivers/crypto/cavium/cpt/cptvf_main.c:236:17-19: WARNING: casting value returned by memory allocation function to (u8 *) is useless.
./drivers/gpu/drm/amd/powerplay/hwmgr/vega12_processpptables.c:255:37-46: WARNING: casting value returned by memory allocation function to (PPTable_t *) is useless.
./drivers/gpu/drm/amd/powerplay/hwmgr/vega20_processpptables.c:893:37-46: WARNING: casting value returned by memory allocation function to (PPTable_t *) is useless.
./drivers/net/ethernet/qlogic/qed/qed_rdma.c:1154:6-42: WARNING: casting value returned by memory allocation function to (struct rdma_destroy_cq_output_params *) is useless.
./drivers/net/ethernet/cavium/liquidio/octeon_droq.c:283:24-49: WARNING: casting value returned by memory allocation function to (struct octeon_recv_buffer *) is useless.
./drivers/net/ethernet/cavium/liquidio/octeon_droq.c:287:25-50: WARNING: casting value returned by memory allocation function to (struct octeon_recv_buffer *) is useless.
./drivers/message/fusion/mptfc.c:766:17-30: WARNING: casting value returned by memory allocation function to (FCPortPage0_t *) is useless.
./drivers/message/fusion/mptfc.c:907:17-30: WARNING: casting value returned by memory allocation function to (FCPortPage1_t *) is useless.
./drivers/scsi/esas2r/esas2r_ioctl.c:1551:21-23: WARNING: casting value returned by memory allocation function to (u8 *) is useless.
./drivers/scsi/esas2r/esas2r_ioctl.c:2067:23-25: WARNING: casting value returned by memory allocation function to (u8 *) is useless.
./drivers/scsi/esas2r/esas2r_ioctl.c:1898:19-21: WARNING: casting value returned by memory allocation function to (u8 *) is useless.
./drivers/message/fusion/mptctl.c:2596:14-31: WARNING: casting value returned by memory allocation function to (SCSIDevicePage0_t *) is useless.
./drivers/message/fusion/mptctl.c:2660:15-32: WARNING: casting value returned by memory allocation function to (SCSIDevicePage3_t *) is useless.
./drivers/net/ethernet/sun/sungem.c:2968:19-40: WARNING: casting value returned by memory allocation function to (struct gem_init_block *) is useless.
./drivers/scsi/fnic/fnic_debugfs.c:61:16-41: WARNING: casting value returned by memory allocation function to (struct fc_trace_flag_type *) is useless.
./drivers/nfc/st-nci/se.c:334:17-43: WARNING: casting value returned by memory allocation function to (struct nfc_evt_transaction *) is useless.
./drivers/message/fusion/mptbase.c:5325:16-29: WARNING: casting value returned by memory allocation function to (IOUnitPage2_t *) is useless.
./drivers/message/fusion/mptbase.c:4978:18-28: WARNING: casting value returned by memory allocation function to (LANPage0_t *) is useless.
./drivers/message/fusion/mptbase.c:5024:17-27: WARNING: casting value returned by memory allocation function to (LANPage1_t *) is useless.
./drivers/nfc/st21nfca/se.c:318:17-43: WARNING: casting value returned by memory allocation function to (struct nfc_evt_transaction *) is useless.
./drivers/scsi/ibmvscsi/ibmvscsi.c:720:26-47: WARNING: casting value returned by memory allocation function to (struct srp_direct_buf *) is useless.
./include/rdma/ib_verbs.h:2275:3-17: WARNING: casting value returned by memory allocation function to (struct ib_type *) is useless.
./drivers/scsi/mpt3sas/mpt3sas_base.c:5247:16-34: WARNING: dma_alloc_coherent use in ioc -> request already zeroes out memory,  so memset is not needed
./drivers/scsi/pmcraid.c:4709:3-21: WARNING: dma_alloc_coherent use in pinstance -> hrrq_start [ i ] already zeroes out memory,  so memset is not needed
./drivers/scsi/mvsas/mv_init.c:244:11-29: WARNING: dma_alloc_coherent use in mvi -> tx already zeroes out memory,  so memset is not needed
./drivers/scsi/mvsas/mv_init.c:250:15-33: WARNING: dma_alloc_coherent use in mvi -> rx_fis already zeroes out memory,  so memset is not needed
./drivers/scsi/mvsas/mv_init.c:256:11-29: WARNING: dma_alloc_coherent use in mvi -> rx already zeroes out memory,  so memset is not needed
./drivers/scsi/mvsas/mv_init.c:265:13-31: WARNING: dma_alloc_coherent use in mvi -> slot already zeroes out memory,  so memset is not needed
./drivers/scsi/qla2xxx/qla_mbx.c:4920:15-33: WARNING: dma_alloc_coherent use in els_cmd_map already zeroes out memory,  so memset is not needed
./drivers/gpu/drm/i915/gt/intel_ppgtt.c:109:39-40: atomic_add_unless
./drivers/gpu/drm/i915/i915_active.c:179:41-42: atomic_add_unless
./drivers/gpu/drm/i915/i915_active.c:169:41-42: atomic_add_unless
./drivers/infiniband/core/iwcm.c:215:5-24: atomic_dec_and_test variation before object free at line 217.
./drivers/md/md.c:587:5-24: atomic_dec_and_test variation before object free at line 589.
./drivers/md/md.c:703:6-25: atomic_dec_and_test variation before object free at line 709.
./drivers/md/md.c:627:5-24: atomic_dec_and_test variation before object free at line 628.
./drivers/net/ethernet/sun/niu.c:9555:5-24: atomic_dec_and_test variation before object free at line 9556.
./fs/ceph/inode.c:1810:46-47: atomic_add_unless
./fs/cifs/connect.c:3622:6-25: atomic_dec_and_test variation before object free at line 3630.
./fs/hfsplus/bnode.c:632:7-26: atomic_dec_and_test variation before object free at line 645.
./fs/iomap/direct-io.c:160:5-24: atomic_dec_and_test variation before object free at line 169.
./fs/kernfs/file.c:605:5-24: atomic_dec_and_test variation before object free at line 613.
./fs/super.c:332:5-24: atomic_dec_and_test variation before object free at line 342.
./fs/super.c:364:43-44: atomic_add_unless
./include/net/lwtunnel.h:70:5-24: atomic_dec_and_test variation before object free at line 71.
./mm/kmemleak.c:491:6-25: atomic_dec_and_test variation before object free at line 503.
./mm/shmem.c:1346:6-25: atomic_dec_and_test variation before object free at line 1326.
./mm/shmem.c:1346:6-25: atomic_dec_and_test variation before object free at line 1345.
./net/netfilter/ipset/ip_set_hash_gen.h:1035:5-24: atomic_dec_and_test variation before object free at line 1037.
./net/netfilter/ipset/ip_set_hash_gen.h:1148:5-24: atomic_dec_and_test variation before object free at line 1150.
./net/netfilter/ipset/ip_set_hash_gen.h:614:5-24: atomic_dec_and_test variation before object free at line 616.
./net/netfilter/ipset/ip_set_hash_gen.h:614:5-24: atomic_dec_and_test variation before object free at line 619.
./net/netfilter/ipset/ip_set_hash_gen.h:801:5-24: atomic_dec_and_test variation before object free at line 803.
./net/netfilter/ipset/ip_set_hash_gen.h:1336:6-25: atomic_dec_and_test variation before object free at line 1339.
./sound/core/seq/seq_ports.c:231:7-26: atomic_dec_and_test variation before object free at line 224.
./sound/core/seq/seq_ports.c:231:7-26: atomic_dec_and_test variation before object free at line 232.
./drivers/media/usb/s2255/s2255drv.c:2363:5-24: atomic_dec_and_test variation before object free at line 2364.
./drivers/media/usb/s2255/s2255drv.c:1559:5-24: atomic_dec_and_test variation before object free at line 1560.
./fs/fscache/operation.c:504:6-25: atomic_dec_and_test variation before object free at line 540.
./fs/fscache/operation.c:504:6-25: atomic_dec_and_test variation before object free at line 553.
./fs/jffs2/xattr.c:624:6-25: atomic_dec_and_test variation before object free at line 626.
./fs/jffs2/xattr.c:407:5-24: atomic_dec_and_test variation before object free at line 412.
./fs/xfs/xfs_bmap_item.c:57:5-24: atomic_dec_and_test variation before object free at line 58.
./fs/xfs/xfs_buf_item.c:543:6-25: atomic_dec_and_test variation before object free at line 565.
./fs/xfs/xfs_buf_item.c:426:9-28: atomic_dec_and_test variation before object free at line 449.
./fs/xfs/xfs_buf_item.c:426:9-28: atomic_dec_and_test variation before object free at line 469.
./fs/xfs/xfs_buf_item.c:428:5-24: atomic_dec_and_test variation before object free at line 449.
./fs/xfs/xfs_buf_item.c:428:5-24: atomic_dec_and_test variation before object free at line 469.
./fs/xfs/xfs_rmap_item.c:56:5-24: atomic_dec_and_test variation before object free at line 57.
./kernel/cgroup/cgroup.c:5405:5-24: atomic_dec_and_test variation before object free at line 5407.
./kernel/user_namespace.c:200:10-29: atomic_dec_and_test variation before object free at line 195.
./net/batman-adv/bridge_loop_avoidance.c:1497:8-27: atomic_dec_and_test variation before object free at line 1509.
./block/bio.c:657:6-25: atomic_dec_and_test variation before object free at line 658.
./drivers/gpu/drm/i915/i915_sw_fence.c:192:6-25: atomic_dec_and_test variation before object free at line 204.
./drivers/infiniband/core/uverbs_cmd.c:674:15-34: atomic_dec_and_test variation before object free at line 685.
./fs/btrfs/scrub.c:1945:5-24: atomic_dec_and_test variation before object free at line 1948.
./fs/hfs/bnode.c:464:7-26: atomic_dec_and_test variation before object free at line 475.
./fs/xfs/xfs_refcount_item.c:56:5-24: atomic_dec_and_test variation before object free at line 57.
./include/linux/cred.h:52:5-24: atomic_dec_and_test variation before object free at line 53.
./kernel/fork.c:700:14-33: atomic_dec_and_test variation before object free at line 702.
./kernel/fork.c:1113:5-24: atomic_dec_and_test variation before object free at line 1115.
./kernel/sched/topology.c:570:6-25: atomic_dec_and_test variation before object free at line 571.
./kernel/sched/topology.c:458:7-26: atomic_dec_and_test variation before object free at line 472.
./kernel/sched/topology.c:482:6-25: atomic_dec_and_test variation before object free at line 485.
./arch/powerpc/mm/book3s64/pgtable.c:349:5-24: atomic_dec_and_test variation before object free at line 351.
./block/blk-ioc.c:156:5-29: atomic_dec_and_test variation before object free at line 159.
./drivers/gpu/drm/i915/gt/intel_gt_requests.c:186:6-25: atomic_dec_and_test variation before object free at line 187.
./drivers/gpu/drm/i915/gt/intel_timeline.c:404:5-24: atomic_dec_and_test variation before object free at line 405.
./drivers/gpu/drm/i915/gt/intel_timeline.c:400:47-48: atomic_add_unless
./drivers/infiniband/hw/hns/hns_roce_qp.c:994:5-24: atomic_dec_and_test variation before object free at line 1001.
./fs/btrfs/disk-io.c:602:14-33: atomic_dec_and_test variation before object free at line 685.
./fs/ceph/snap.c:203:5-24: atomic_dec_and_test variation before object free at line 204.
./fs/ceph/snap.c:215:6-25: atomic_dec_and_test variation before object free at line 219.
./fs/ceph/snap.c:1092:5-24: atomic_dec_and_test variation before object free at line 1101.
./fs/ext4/mballoc.c:3862:6-25: atomic_dec_and_test variation before object free at line 3872.
./kernel/nsproxy.c:253:11-30: atomic_dec_and_test variation before object free at line 254.
./net/netfilter/ipvs/ip_vs_ctl.c:487:5-24: atomic_dec_and_test variation before object free at line 493.
./net/netfilter/ipvs/ip_vs_ctl.c:487:5-24: atomic_dec_and_test variation before object free at line 495.
./arch/powerpc/mm/book3s64/iommu_api.c:457:40-41: atomic_add_unless
./drivers/block/xen-blkback/common.h:368:6-25: atomic_dec_and_test variation before object free at line 369.
./drivers/md/raid5-cache.c:2837:6-25: atomic_dec_and_test variation before object free at line 2844.
./drivers/net/ethernet/chelsio/cxgb4/cxgb4_uld.c:453:17-36: atomic_dec_and_test variation before object free at line 456.
./drivers/net/ethernet/chelsio/cxgb4/l2t.c:388:5-24: atomic_dec_and_test variation before object free at line 389.
./drivers/net/ethernet/jme.c:1275:9-28: atomic_dec_and_test variation before object free at line 1299.
./drivers/net/ethernet/jme.c:1275:9-28: atomic_dec_and_test variation before object free at line 1338.
./drivers/scsi/libfc/fc_exch.c:316:5-24: atomic_dec_and_test variation before object free at line 321.
./drivers/tty/serial/zs.c:820:13-30: x = atomic_add_return(-1, ...)
./fs/btrfs/inode.c:2879:45-46: atomic_add_unless
./fs/fscache/cache.c:74:6-25: atomic_dec_and_test variation before object free at line 75.
./fs/fscache/cache.c:74:6-25: atomic_dec_and_test variation before object free at line 81.
./fs/xfs/xfs_extfree_item.c:61:5-24: atomic_dec_and_test variation before object free at line 62.
./fs/xfs/xfs_log.c:2914:49-50: atomic_add_unless
./kernel/acct.c:135:5-29: atomic_dec_and_test variation before object free at line 136.
./kernel/audit_tree.c:141:5-29: atomic_dec_and_test variation before object free at line 142.
./kernel/bpf/syscall.c:481:5-26: atomic_dec_and_test variation before object free at line 483.
./kernel/bpf/syscall.c:2335:6-27: atomic_dec_and_test variation before object free at line 2340.
./kernel/bpf/syscall.c:2335:6-27: atomic_dec_and_test variation before object free at line 2342.
./kernel/signal.c:440:6-25: atomic_dec_and_test variation before object free at line 441.
./net/rxrpc/call_accept.c:223:6-25: atomic_dec_and_test variation before object free at line 219.
./sound/i2c/other/ak4113.c:622:5-24: atomic_dec_and_test variation before object free at line 623.
./sound/i2c/other/ak4113.c:134:5-24: atomic_dec_and_test variation before object free at line 135.
./arch/x86/kernel/cpu/resctrl/rdtgroup.c:528:5-24: atomic_dec_and_test variation before object free at line 532.
./arch/x86/kernel/cpu/resctrl/rdtgroup.c:2015:5-24: atomic_dec_and_test variation before object free at line 2022.
./drivers/md/dm.c:367:5-24: atomic_dec_and_test variation before object free at line 369.
./drivers/scsi/bnx2i/bnx2i_iscsi.c:1499:10-29: atomic_dec_and_test variation before object free at line 1497.
./drivers/scsi/qla2xxx/qla_os.c:7249:6-25: atomic_dec_and_test variation before object free at line 7285.
./fs/ceph/file.c:1009:6-25: atomic_dec_and_test variation before object free at line 1046.
./fs/kernfs/dir.c:511:13-32: atomic_dec_and_test variation before object free at line 545.
./fs/kernfs/dir.c:541:6-25: atomic_dec_and_test variation before object free at line 545.
./fs/nfsd/nfs4state.c:1318:6-25: atomic_dec_and_test variation before object free at line 1322.
./fs/nfsd/nfs4state.c:222:5-24: atomic_dec_and_test variation before object free at line 223.
./mm/rmap.c:1810:25-44: atomic_dec_and_test variation before object free at line 1811.
./sound/i2c/other/ak4114.c:607:5-24: atomic_dec_and_test variation before object free at line 608.
./sound/i2c/other/ak4114.c:149:5-24: atomic_dec_and_test variation before object free at line 150.
./drivers/bus/mhi/core/pm.c:894:57-58: atomic_add_unless
./drivers/gpu/drm/i915/intel_wakeref.c:89:40-41: atomic_add_unless
./drivers/infiniband/core/multicast.c:191:5-24: atomic_dec_and_test variation before object free at line 194.
./drivers/infiniband/hw/mlx4/mcg.c:444:5-24: atomic_dec_and_test variation before object free at line 457.
./drivers/infiniband/hw/mlx4/mcg.c:444:5-24: atomic_dec_and_test variation before object free at line 462.
./drivers/md/raid5.c:392:40-41: atomic_add_unless
./drivers/tty/serial/dz.c:668:13-30: x = atomic_add_return(-1, ...)
./drivers/tty/serial/dz.c:703:14-31: x = atomic_add_return(-1, ...)
./drivers/tty/serial/dz.c:451:13-30: x = atomic_add_return(-1, ...)
./drivers/usb/gadget/function/f_fs.c:1715:5-24: atomic_dec_and_test variation before object free at line 1719.
./fs/btrfs/reada.c:186:6-25: atomic_dec_and_test variation before object free at line 181.
./net/unix/scm.c:80:6-30: atomic_dec_and_test variation before object free at line 81.
./arch/powerpc/mm/pgtable-frag.c:117:5-24: atomic_dec_and_test variation before object free at line 120.
./drivers/gpu/drm/i915/i915_vma.c:836:47-48: atomic_add_unless
./drivers/md/dm-integrity.c:1456:5-24: atomic_dec_and_test variation before object free at line 1473.
./fs/btrfs/extent_io.c:5353:5-24: atomic_dec_and_test variation before object free at line 5360.
./fs/btrfs/extent_io.c:5353:5-24: atomic_dec_and_test variation before object free at line 5367.
./fs/coda/file.c:116:5-24: atomic_dec_and_test variation before object free at line 119.
./fs/configfs/dir.c:168:13-32: atomic_dec_and_test variation before object free at line 169.
./fs/namespace.c:3838:6-25: atomic_dec_and_test variation before object free at line 3841.
./fs/xfs/xfs_buf.c:1021:6-25: atomic_dec_and_test variation before object free at line 1023.
./fs/xfs/xfs_buf.c:1041:11-30: atomic_dec_and_test variation before object free at line 1075.
./fs/xfs/xfs_buf.c:1041:11-30: atomic_dec_and_test variation before object free at line 1092.
./include/linux/mbcache.h:36:6-25: atomic_dec_and_test variation before object free at line 38.
./include/linux/netfilter/nf_conntrack_common.h:33:13-32: atomic_dec_and_test variation before object free at line 34.
./include/linux/nsproxy.h:104:5-24: atomic_dec_and_test variation before object free at line 105.
./include/net/bluetooth/hci_core.h:1116:5-24: atomic_dec_and_test variation before object free at line 1122.
./include/net/bluetooth/hci_core.h:1116:5-24: atomic_dec_and_test variation before object free at line 1141.
./kernel/bpf/cpumap.c:220:5-24: atomic_dec_and_test variation before object free at line 227.
./kernel/events/core.c:4903:6-30: atomic_dec_and_test variation before object free at line 4906.
Skipping coccinelle SmPL patch: ./scripts/coccinelle/api/check_bq27xxx_data.cocci
You have coccinelle:           1.0.4
This SmPL patch requires:      1.0.7
./net/bluetooth/hci_debugfs.c:934:0-23: WARNING: adv_channel_map_fops should be defined with DEFINE_DEBUGFS_ATTRIBUTE
./net/bluetooth/hci_debugfs.c:990:0-23: WARNING: adv_max_interval_fops should be defined with DEFINE_DEBUGFS_ATTRIBUTE
./net/bluetooth/hci_debugfs.c:962:0-23: WARNING: adv_min_interval_fops should be defined with DEFINE_DEBUGFS_ATTRIBUTE
./net/bluetooth/hci_debugfs.c:1074:0-23: WARNING: auth_payload_timeout_fops should be defined with DEFINE_DEBUGFS_ATTRIBUTE
./net/bluetooth/hci_debugfs.c:494:0-23: WARNING: auto_accept_delay_fops should be defined with DEFINE_DEBUGFS_ATTRIBUTE
./net/bluetooth/hci_debugfs.c:268:0-23: WARNING: conn_info_max_age_fops should be defined with DEFINE_DEBUGFS_ATTRIBUTE
./net/bluetooth/hci_debugfs.c:240:0-23: WARNING: conn_info_min_age_fops should be defined with DEFINE_DEBUGFS_ATTRIBUTE
./net/bluetooth/hci_debugfs.c:878:0-23: WARNING: conn_latency_fops should be defined with DEFINE_DEBUGFS_ATTRIBUTE
./net/bluetooth/hci_debugfs.c:850:0-23: WARNING: conn_max_interval_fops should be defined with DEFINE_DEBUGFS_ATTRIBUTE
./net/bluetooth/hci_debugfs.c:822:0-23: WARNING: conn_min_interval_fops should be defined with DEFINE_DEBUGFS_ATTRIBUTE
./net/bluetooth/hci_debugfs.c:522:0-23: WARNING: idle_timeout_fops should be defined with DEFINE_DEBUGFS_ATTRIBUTE
./net/bluetooth/hci_debugfs.c:1046:0-23: WARNING: max_key_size_fops should be defined with DEFINE_DEBUGFS_ATTRIBUTE
./net/bluetooth/hci_debugfs.c:479:0-23: WARNING: min_encrypt_key_size_fops should be defined with DEFINE_DEBUGFS_ATTRIBUTE
./net/bluetooth/hci_debugfs.c:1018:0-23: WARNING: min_key_size_fops should be defined with DEFINE_DEBUGFS_ATTRIBUTE
./net/bluetooth/hci_debugfs.c:659:0-23: WARNING: rpa_timeout_fops should be defined with DEFINE_DEBUGFS_ATTRIBUTE
./net/bluetooth/hci_debugfs.c:578:0-23: WARNING: sniff_max_interval_fops should be defined with DEFINE_DEBUGFS_ATTRIBUTE
./net/bluetooth/hci_debugfs.c:550:0-23: WARNING: sniff_min_interval_fops should be defined with DEFINE_DEBUGFS_ATTRIBUTE
./net/bluetooth/hci_debugfs.c:906:0-23: WARNING: supervision_timeout_fops should be defined with DEFINE_DEBUGFS_ATTRIBUTE
./net/bluetooth/hci_debugfs.c:422:0-23: WARNING: voice_setting_fops should be defined with DEFINE_DEBUGFS_ATTRIBUTE
./fs/ceph/debugfs.c:321:0-23: WARNING: congestion_kb_fops should be defined with DEFINE_DEBUGFS_ATTRIBUTE
./drivers/memory/tegra/tegra186-emc.c:158:0-23: WARNING: tegra186_emc_debug_max_rate_fops should be defined with DEFINE_DEBUGFS_ATTRIBUTE
./drivers/memory/tegra/tegra186-emc.c:128:0-23: WARNING: tegra186_emc_debug_min_rate_fops should be defined with DEFINE_DEBUGFS_ATTRIBUTE
./drivers/input/touchscreen/edt-ft5x06.c:694:0-23: WARNING: debugfs_mode_fops should be defined with DEFINE_DEBUGFS_ATTRIBUTE
./arch/x86/kvm/debugfs.c:18:0-23: WARNING: vcpu_timer_advance_ns_fops should be defined with DEFINE_DEBUGFS_ATTRIBUTE
./arch/x86/kvm/debugfs.c:27:0-23: WARNING: vcpu_tsc_offset_fops should be defined with DEFINE_DEBUGFS_ATTRIBUTE
./arch/x86/kvm/debugfs.c:36:0-23: WARNING: vcpu_tsc_scaling_fops should be defined with DEFINE_DEBUGFS_ATTRIBUTE
./arch/x86/kvm/debugfs.c:44:0-23: WARNING: vcpu_tsc_scaling_frac_fops should be defined with DEFINE_DEBUGFS_ATTRIBUTE
./arch/powerpc/xmon/xmon.c:3998:0-23: WARNING: xmon_dbgfs_ops should be defined with DEFINE_DEBUGFS_ATTRIBUTE
./drivers/staging/android/ion/ion.c:554:0-23: WARNING: debug_shrink_fops should be defined with DEFINE_DEBUGFS_ATTRIBUTE
./drivers/memory/tegra/tegra124-emc.c:1133:0-23: WARNING: tegra_emc_debug_max_rate_fops should be defined with DEFINE_DEBUGFS_ATTRIBUTE
./drivers/memory/tegra/tegra124-emc.c:1103:0-23: WARNING: tegra_emc_debug_min_rate_fops should be defined with DEFINE_DEBUGFS_ATTRIBUTE
./arch/x86/platform/intel/iosf_mbi.c:482:0-23: WARNING: iosf_mcr_fops should be defined with DEFINE_DEBUGFS_ATTRIBUTE
./arch/powerpc/platforms/powernv/memtrace.c:299:0-23: WARNING: memtrace_init_fops should be defined with DEFINE_DEBUGFS_ATTRIBUTE
./arch/powerpc/platforms/cell/axon_msi.c:462:0-23: WARNING: fops_msic should be defined with DEFINE_DEBUGFS_ATTRIBUTE
./fs/ocfs2/blockcheck.c:232:0-23: WARNING: blockcheck_fops should be defined with DEFINE_DEBUGFS_ATTRIBUTE
./drivers/memory/tegra/tegra20-emc.c:605:0-23: WARNING: tegra_emc_debug_max_rate_fops should be defined with DEFINE_DEBUGFS_ATTRIBUTE
./drivers/memory/tegra/tegra20-emc.c:575:0-23: WARNING: tegra_emc_debug_min_rate_fops should be defined with DEFINE_DEBUGFS_ATTRIBUTE
./drivers/gpu/drm/msm/adreno/a5xx_debugfs.c:148:0-23: WARNING: reset_fops should be defined with DEFINE_DEBUGFS_ATTRIBUTE
./arch/arm/mach-omap2/pm-debug.c:222:0-23: WARNING: pm_dbg_option_fops should be defined with DEFINE_DEBUGFS_ATTRIBUTE
./arch/arm/mach-omap2/pm-debug.c:173:0-23: WARNING: pwrdm_suspend_fops should be defined with DEFINE_DEBUGFS_ATTRIBUTE
./lib/notifier-error-inject.c:18:0-23: WARNING: fops_errno should be defined with DEFINE_DEBUGFS_ATTRIBUTE
./drivers/memory/tegra/tegra30-emc.c:1211:0-23: WARNING: tegra_emc_debug_max_rate_fops should be defined with DEFINE_DEBUGFS_ATTRIBUTE
./drivers/memory/tegra/tegra30-emc.c:1181:0-23: WARNING: tegra_emc_debug_min_rate_fops should be defined with DEFINE_DEBUGFS_ATTRIBUTE
./drivers/gpu/drm/i915/gvt/debugfs.c:150:0-23: WARNING: vgpu_scan_nonprivbb_fops should be defined with DEFINE_DEBUGFS_ATTRIBUTE
./lib/test_fpu.c:66:0-23: WARNING: test_fpu_fops should be defined with DEFINE_DEBUGFS_ATTRIBUTE
./drivers/power/avs/smartreflex.c:820:0-23: WARNING: pm_sr_fops should be defined with DEFINE_DEBUGFS_ATTRIBUTE
./drivers/gpu/drm/sti/sti_drv.c:71:0-23: WARNING: sti_drm_fps_fops should be defined with DEFINE_DEBUGFS_ATTRIBUTE
./drivers/gpu/drm/panel/panel-sitronix-st7703.c:511:0-23: WARNING: allpixelson_fops should be defined with DEFINE_DEBUGFS_ATTRIBUTE
./drivers/gpu/drm/amd/amdgpu/amdgpu_debugfs.c:1544:0-23: WARNING: fops_ib_preempt should be defined with DEFINE_DEBUGFS_ATTRIBUTE
./drivers/gpu/drm/amd/amdgpu/amdgpu_debugfs.c:1547:0-23: WARNING: fops_sclk_set should be defined with DEFINE_DEBUGFS_ATTRIBUTE
./arch/mips/kernel/spinlock_test.c:117:0-23: WARNING: fops_multi should be defined with DEFINE_DEBUGFS_ATTRIBUTE
./arch/mips/kernel/spinlock_test.c:38:0-23: WARNING: fops_ss should be defined with DEFINE_DEBUGFS_ATTRIBUTE
./arch/mips/cavium-octeon/oct_ilm.c:65:0-23: WARNING: reset_statistics_ops should be defined with DEFINE_DEBUGFS_ATTRIBUTE
./lib/fault-inject.c:187:0-23: WARNING: fops_stacktrace_depth should be defined with DEFINE_DEBUGFS_ATTRIBUTE
./lib/fault-inject.c:169:0-23: WARNING: fops_ul should be defined with DEFINE_DEBUGFS_ATTRIBUTE
./drivers/memory/tegra/tegra210-emc-core.c:1695:0-23: WARNING: tegra210_emc_debug_max_rate_fops should be defined with DEFINE_DEBUGFS_ATTRIBUTE
./drivers/memory/tegra/tegra210-emc-core.c:1665:0-23: WARNING: tegra210_emc_debug_min_rate_fops should be defined with DEFINE_DEBUGFS_ATTRIBUTE
./drivers/memory/tegra/tegra210-emc-core.c:1726:0-23: WARNING: tegra210_emc_debug_temperature_fops should be defined with DEFINE_DEBUGFS_ATTRIBUTE
./arch/powerpc/kernel/setup_64.c:991:0-23: WARNING: fops_rfi_flush should be defined with DEFINE_DEBUGFS_ATTRIBUTE
./mm/backing-dev.c:209:8-16: WARNING: use scnprintf or sprintf
./drivers/video/fbdev/sstfb.c:736:8-16: WARNING: use scnprintf or sprintf
./drivers/tty/vt/vt.c:3905:8-16: WARNING: use scnprintf or sprintf
./drivers/tty/vt/vt.c:3913:8-16: WARNING: use scnprintf or sprintf
./drivers/scsi/ufs/ufs-sysfs.c:153:8-16: WARNING: use scnprintf or sprintf
./drivers/scsi/smartpqi/smartpqi_init.c:6135:8-16: WARNING: use scnprintf or sprintf
./drivers/scsi/smartpqi/smartpqi_init.c:6129:8-16: WARNING: use scnprintf or sprintf
./drivers/scsi/smartpqi/smartpqi_init.c:6308:8-16: WARNING: use scnprintf or sprintf
./drivers/scsi/smartpqi/smartpqi_init.c:6160:8-16: WARNING: use scnprintf or sprintf
./drivers/scsi/smartpqi/smartpqi_init.c:6471:8-16: WARNING: use scnprintf or sprintf
./drivers/scsi/smartpqi/smartpqi_init.c:6422:8-16: WARNING: use scnprintf or sprintf
./drivers/scsi/smartpqi/smartpqi_init.c:6148:8-16: WARNING: use scnprintf or sprintf
./drivers/scsi/smartpqi/smartpqi_init.c:6275:8-16: WARNING: use scnprintf or sprintf
./drivers/scsi/smartpqi/smartpqi_init.c:6172:8-16: WARNING: use scnprintf or sprintf
./drivers/scsi/myrs.c:1413:8-16: WARNING: use scnprintf or sprintf
./drivers/scsi/myrs.c:1197:9-17: WARNING: use scnprintf or sprintf
./drivers/scsi/myrs.c:1318:8-16: WARNING: use scnprintf or sprintf
./drivers/scsi/myrs.c:1403:8-16: WARNING: use scnprintf or sprintf
./drivers/scsi/myrs.c:1493:8-16: WARNING: use scnprintf or sprintf
./drivers/scsi/myrs.c:1423:8-16: WARNING: use scnprintf or sprintf
./drivers/scsi/myrs.c:1393:8-16: WARNING: use scnprintf or sprintf
./drivers/scsi/myrs.c:1064:9-17: WARNING: use scnprintf or sprintf
./drivers/scsi/myrs.c:945:9-17: WARNING: use scnprintf or sprintf
./drivers/scsi/myrs.c:1092:9-17: WARNING: use scnprintf or sprintf
./drivers/scsi/myrs.c:1308:8-16: WARNING: use scnprintf or sprintf
./drivers/scsi/ibmvscsi_tgt/ibmvscsi_tgt.c:3638:8-16: WARNING: use scnprintf or sprintf
./drivers/scsi/ibmvscsi_tgt/ibmvscsi_tgt.c:3632:8-16: WARNING: use scnprintf or sprintf
./drivers/scsi/ibmvscsi_tgt/ibmvscsi_tgt.c:3646:8-16: WARNING: use scnprintf or sprintf
./drivers/scsi/fcoe/fcoe_sysfs.c:376:8-16: WARNING: use scnprintf or sprintf
./drivers/scsi/fcoe/fcoe_sysfs.c:268:8-16: WARNING: use scnprintf or sprintf
./drivers/scsi/fcoe/fcoe_sysfs.c:253:8-16: WARNING: use scnprintf or sprintf
./drivers/perf/fsl_imx8_ddr_perf.c:119:8-16: WARNING: use scnprintf or sprintf
./drivers/perf/arm-ccn.c:224:8-16: WARNING: use scnprintf or sprintf
./drivers/pci/p2pdma.c:69:8-16: WARNING: use scnprintf or sprintf
./drivers/pci/p2pdma.c:78:8-16: WARNING: use scnprintf or sprintf
./drivers/pci/p2pdma.c:56:8-16: WARNING: use scnprintf or sprintf
./drivers/net/wireless/marvell/libertas/mesh.c:370:8-16: WARNING: use scnprintf or sprintf
./drivers/net/wireless/marvell/libertas/mesh.c:420:8-16: WARNING: use scnprintf or sprintf
./drivers/net/wireless/marvell/libertas/mesh.c:726:8-16: WARNING: use scnprintf or sprintf
./drivers/net/wireless/marvell/libertas/mesh.c:479:8-16: WARNING: use scnprintf or sprintf
./drivers/net/wireless/marvell/libertas/mesh.c:172:8-16: WARNING: use scnprintf or sprintf
./drivers/net/wireless/marvell/libertas/mesh.c:271:8-16: WARNING: use scnprintf or sprintf
./drivers/net/wireless/marvell/libertas/mesh.c:224:8-16: WARNING: use scnprintf or sprintf
./drivers/net/wireless/marvell/libertas/mesh.c:665:8-16: WARNING: use scnprintf or sprintf
./drivers/net/wireless/marvell/libertas/mesh.c:604:8-16: WARNING: use scnprintf or sprintf
./drivers/net/can/at91_can.c:1185:9-17: WARNING: use scnprintf or sprintf
./drivers/mtd/mtdpart.c:220:8-16: WARNING: use scnprintf or sprintf
./drivers/message/fusion/mptscsih.c:3145:8-16: WARNING: use scnprintf or sprintf
./drivers/message/fusion/mptscsih.c:3133:8-16: WARNING: use scnprintf or sprintf
./drivers/message/fusion/mptscsih.c:3158:8-16: WARNING: use scnprintf or sprintf
./drivers/message/fusion/mptscsih.c:3197:8-16: WARNING: use scnprintf or sprintf
./drivers/message/fusion/mptscsih.c:3184:8-16: WARNING: use scnprintf or sprintf
./drivers/message/fusion/mptscsih.c:3171:8-16: WARNING: use scnprintf or sprintf
./drivers/message/fusion/mptscsih.c:3063:8-16: WARNING: use scnprintf or sprintf
./drivers/message/fusion/mptscsih.c:3047:8-16: WARNING: use scnprintf or sprintf
./drivers/message/fusion/mptscsih.c:3079:8-16: WARNING: use scnprintf or sprintf
./drivers/message/fusion/mptscsih.c:3120:8-16: WARNING: use scnprintf or sprintf
./drivers/message/fusion/mptscsih.c:3106:8-16: WARNING: use scnprintf or sprintf
./drivers/message/fusion/mptscsih.c:3092:8-16: WARNING: use scnprintf or sprintf
./drivers/hwmon/stts751.c:472:8-16: WARNING: use scnprintf or sprintf
./drivers/hwmon/stts751.c:422:8-16: WARNING: use scnprintf or sprintf
./drivers/hwmon/stts751.c:588:8-16: WARNING: use scnprintf or sprintf
./drivers/hwmon/stts751.c:390:8-16: WARNING: use scnprintf or sprintf
./drivers/hwmon/stts751.c:520:8-16: WARNING: use scnprintf or sprintf
./drivers/hwmon/stts751.c:407:8-16: WARNING: use scnprintf or sprintf
./drivers/hwmon/stts751.c:554:8-16: WARNING: use scnprintf or sprintf
./drivers/hwmon/stts751.c:430:8-16: WARNING: use scnprintf or sprintf
./drivers/hwmon/stts751.c:512:8-16: WARNING: use scnprintf or sprintf
./drivers/hwmon/ltc4215.c:173:8-16: WARNING: use scnprintf or sprintf
./drivers/hwmon/ltc4215.c:150:8-16: WARNING: use scnprintf or sprintf
./drivers/hwmon/ltc4215.c:162:8-16: WARNING: use scnprintf or sprintf
./drivers/hwmon/ltc4215.c:142:8-16: WARNING: use scnprintf or sprintf
./drivers/hid/hid-roccat-pyra.c:289:8-16: WARNING: use scnprintf or sprintf
./drivers/hid/hid-roccat-pyra.c:306:8-16: WARNING: use scnprintf or sprintf
./drivers/hid/hid-roccat-pyra.c:327:8-16: WARNING: use scnprintf or sprintf
./drivers/hid/hid-roccat-koneplus.c:247:8-16: WARNING: use scnprintf or sprintf
./drivers/hid/hid-roccat-koneplus.c:314:8-16: WARNING: use scnprintf or sprintf
./drivers/hid/hid-picolcd_core.c:304:8-16: WARNING: use scnprintf or sprintf
./drivers/hid/hid-picolcd_core.c:259:9-17: WARNING: use scnprintf or sprintf
./drivers/gpu/drm/radeon/radeon_pm.c:521:9-17: WARNING: use scnprintf or sprintf
./drivers/gpu/drm/radeon/radeon_pm.c:475:8-16: WARNING: use scnprintf or sprintf
./drivers/gpu/drm/radeon/radeon_pm.c:418:8-16: WARNING: use scnprintf or sprintf
./drivers/gpu/drm/radeon/radeon_pm.c:363:8-16: WARNING: use scnprintf or sprintf
./drivers/gpu/drm/radeon/radeon_pm.c:688:8-16: WARNING: use scnprintf or sprintf
./drivers/gpu/drm/radeon/radeon_pm.c:704:8-16: WARNING: use scnprintf or sprintf
./drivers/gpu/drm/amd/amdgpu/amdgpu_device.c:136:8-16: WARNING: use scnprintf or sprintf
./drivers/gpu/drm/amd/amdgpu/amdgpu_device.c:160:8-16: WARNING: use scnprintf or sprintf
./drivers/gpu/drm/amd/amdgpu/amdgpu_device.c:182:8-16: WARNING: use scnprintf or sprintf
./drivers/gpu/drm/amd/amdgpu/amdgpu_device.c:204:8-16: WARNING: use scnprintf or sprintf
./drivers/char/hw_random/core.c:399:8-16: WARNING: use scnprintf or sprintf
./drivers/video/fbdev/omap2/omapfb/omapfb-sysfs.c:86:8-16: WARNING: use scnprintf or sprintf
./drivers/video/fbdev/omap2/omapfb/omapfb-sysfs.c:495:8-16: WARNING: use scnprintf or sprintf
./drivers/video/fbdev/omap2/omapfb/omapfb-sysfs.c:32:8-16: WARNING: use scnprintf or sprintf
./drivers/video/fbdev/omap2/omapfb/omapfb-sysfs.c:418:8-16: WARNING: use scnprintf or sprintf
./drivers/video/fbdev/omap2/omapfb/omapfb-sysfs.c:519:8-16: WARNING: use scnprintf or sprintf
./drivers/video/fbdev/omap2/omapfb/omapfb-sysfs.c:504:8-16: WARNING: use scnprintf or sprintf
./drivers/video/fbdev/omap2/omapfb/displays/panel-dsi-cm.c:442:8-16: WARNING: use scnprintf or sprintf
./drivers/video/fbdev/omap2/omapfb/displays/panel-dsi-cm.c:412:8-16: WARNING: use scnprintf or sprintf
./drivers/video/fbdev/omap2/omapfb/displays/panel-dsi-cm.c:490:8-16: WARNING: use scnprintf or sprintf
./drivers/video/fbdev/omap2/omapfb/displays/panel-dsi-cm.c:535:8-16: WARNING: use scnprintf or sprintf
./drivers/video/fbdev/core/fbsysfs.c:233:8-16: WARNING: use scnprintf or sprintf
./drivers/video/fbdev/core/fbsysfs.c:421:8-16: WARNING: use scnprintf or sprintf
./drivers/video/fbdev/core/fbsysfs.c:393:8-16: WARNING: use scnprintf or sprintf
./drivers/video/fbdev/core/fbsysfs.c:384:8-16: WARNING: use scnprintf or sprintf
./drivers/video/fbdev/core/fbsysfs.c:260:8-16: WARNING: use scnprintf or sprintf
./drivers/video/fbdev/core/fbsysfs.c:296:8-16: WARNING: use scnprintf or sprintf
./drivers/video/fbdev/core/fbsysfs.c:288:8-16: WARNING: use scnprintf or sprintf
./drivers/usb/usbip/stub_dev.c:33:8-16: WARNING: use scnprintf or sprintf
./drivers/usb/misc/usbsevseg.c:196:8-16: WARNING: use scnprintf or sprintf
./drivers/usb/core/sysfs.c:942:8-16: WARNING: use scnprintf or sprintf
./drivers/usb/core/sysfs.c:750:8-16: WARNING: use scnprintf or sprintf
./drivers/spi/spi-tle62x0.c:144:8-16: WARNING: use scnprintf or sprintf
./drivers/scsi/snic/snic_attrs.c:49:8-16: WARNING: use scnprintf or sprintf
./drivers/scsi/snic/snic_attrs.c:62:8-16: WARNING: use scnprintf or sprintf
./drivers/scsi/snic/snic_attrs.c:40:8-16: WARNING: use scnprintf or sprintf
./drivers/scsi/snic/snic_attrs.c:30:8-16: WARNING: use scnprintf or sprintf
./drivers/scsi/scsi_sysfs.c:671:8-16: WARNING: use scnprintf or sprintf
./drivers/scsi/scsi_sysfs.c:662:8-16: WARNING: use scnprintf or sprintf
./drivers/scsi/scsi_sysfs.c:1068:9-17: WARNING: use scnprintf or sprintf
./drivers/scsi/scsi_sysfs.c:704:8-16: WARNING: use scnprintf or sprintf
./drivers/scsi/scsi_sysfs.c:935:8-16: WARNING: use scnprintf or sprintf
./drivers/scsi/scsi_sysfs.c:1158:8-16: WARNING: use scnprintf or sprintf
./drivers/scsi/scsi_sysfs.c:683:8-16: WARNING: use scnprintf or sprintf
./drivers/scsi/scsi_sysfs.c:385:8-16: WARNING: use scnprintf or sprintf
./drivers/scsi/scsi_sysfs.c:910:8-16: WARNING: use scnprintf or sprintf
./drivers/scsi/scsi_sysfs.c:833:8-16: WARNING: use scnprintf or sprintf
./drivers/scsi/scsi_sysfs.c:276:9-17: WARNING: use scnprintf or sprintf
./drivers/scsi/scsi_sysfs.c:326:9-17: WARNING: use scnprintf or sprintf
./drivers/scsi/scsi_sysfs.c:230:8-16: WARNING: use scnprintf or sprintf
./drivers/scsi/scsi_sysfs.c:818:8-16: WARNING: use scnprintf or sprintf
./drivers/scsi/ncr53c8xx.c:8243:8-16: WARNING: use scnprintf or sprintf
./drivers/scsi/hpsa.c:538:8-16: WARNING: use scnprintf or sprintf
./drivers/scsi/hpsa.c:898:8-16: WARNING: use scnprintf or sprintf
./drivers/scsi/hpsa.c:528:8-16: WARNING: use scnprintf or sprintf
./drivers/scsi/hpsa.c:799:9-17: WARNING: use scnprintf or sprintf
./drivers/scsi/hpsa.c:561:8-16: WARNING: use scnprintf or sprintf
./drivers/scsi/hpsa.c:908:8-16: WARNING: use scnprintf or sprintf
./drivers/scsi/hpsa.c:645:8-16: WARNING: use scnprintf or sprintf
./drivers/scsi/hpsa.c:549:8-16: WARNING: use scnprintf or sprintf
./drivers/scsi/hpsa.c:724:8-16: WARNING: use scnprintf or sprintf
./drivers/scsi/hpsa.c:775:8-16: WARNING: use scnprintf or sprintf
./drivers/scsi/hpsa.c:746:8-16: WARNING: use scnprintf or sprintf
./drivers/platform/x86/sony-laptop.c:2054:8-16: WARNING: use scnprintf or sprintf
./drivers/platform/x86/sony-laptop.c:2725:8-16: WARNING: use scnprintf or sprintf
./drivers/platform/x86/sony-laptop.c:2499:8-16: WARNING: use scnprintf or sprintf
./drivers/platform/x86/sony-laptop.c:2574:8-16: WARNING: use scnprintf or sprintf
./drivers/platform/x86/sony-laptop.c:2714:8-16: WARNING: use scnprintf or sprintf
./drivers/platform/x86/sony-laptop.c:2364:10-18: WARNING: use scnprintf or sprintf
./drivers/platform/x86/sony-laptop.c:2648:8-16: WARNING: use scnprintf or sprintf
./drivers/platform/x86/sony-laptop.c:2876:8-16: WARNING: use scnprintf or sprintf
./drivers/platform/x86/sony-laptop.c:967:8-16: WARNING: use scnprintf or sprintf
./drivers/platform/x86/sony-laptop.c:3004:8-16: WARNING: use scnprintf or sprintf
./drivers/platform/x86/sony-laptop.c:2821:8-16: WARNING: use scnprintf or sprintf
./drivers/platform/x86/sony-laptop.c:4002:8-16: WARNING: use scnprintf or sprintf
./drivers/nvme/host/core.c:2852:8-16: WARNING: use scnprintf or sprintf
./drivers/nvme/host/core.c:3612:8-16: WARNING: use scnprintf or sprintf
./drivers/nvme/host/core.c:3602:8-16: WARNING: use scnprintf or sprintf
./drivers/nvme/host/core.c:3592:8-16: WARNING: use scnprintf or sprintf
./drivers/nvme/host/core.c:3558:8-16: WARNING: use scnprintf or sprintf
./drivers/net/can/janz-ican3.c:1834:8-16: WARNING: use scnprintf or sprintf
./drivers/misc/enclosure.c:429:8-16: WARNING: use scnprintf or sprintf
./drivers/misc/enclosure.c:542:8-16: WARNING: use scnprintf or sprintf
./drivers/misc/enclosure.c:484:8-16: WARNING: use scnprintf or sprintf
./drivers/misc/enclosure.c:566:8-16: WARNING: use scnprintf or sprintf
./drivers/misc/enclosure.c:596:8-16: WARNING: use scnprintf or sprintf
./drivers/misc/enclosure.c:641:8-16: WARNING: use scnprintf or sprintf
./drivers/misc/enclosure.c:508:8-16: WARNING: use scnprintf or sprintf
./drivers/misc/enclosure.c:626:8-16: WARNING: use scnprintf or sprintf
./drivers/iio/trigger/stm32-timer-trigger.c:299:8-16: WARNING: use scnprintf or sprintf
./drivers/hwmon/occ/common.c:554:9-17: WARNING: use scnprintf or sprintf
./drivers/hwmon/occ/common.c:604:9-17: WARNING: use scnprintf or sprintf
./drivers/hwmon/occ/common.c:337:8-16: WARNING: use scnprintf or sprintf
./drivers/hwmon/occ/common.c:367:8-16: WARNING: use scnprintf or sprintf
./drivers/hwmon/occ/common.c:406:8-16: WARNING: use scnprintf or sprintf
./drivers/hwmon/occ/common.c:435:9-17: WARNING: use scnprintf or sprintf
./drivers/hwmon/occ/common.c:474:9-17: WARNING: use scnprintf or sprintf
./drivers/hwmon/occ/common.c:256:8-16: WARNING: use scnprintf or sprintf
./drivers/hwmon/occ/common.c:307:8-16: WARNING: use scnprintf or sprintf
./drivers/hwmon/ltc4260.c:101:8-16: WARNING: use scnprintf or sprintf
./drivers/hwmon/ltc4260.c:82:8-16: WARNING: use scnprintf or sprintf
./drivers/gpu/drm/amd/amdgpu/amdgpu_atombios.c:1950:8-16: WARNING: use scnprintf or sprintf
./drivers/firewire/core-device.c:375:8-16: WARNING: use scnprintf or sprintf
./drivers/char/hw_random/s390-trng.c:114:8-16: WARNING: use scnprintf or sprintf
./drivers/block/virtio_blk.c:635:8-16: WARNING: use scnprintf or sprintf
./drivers/acpi/dock.c:563:8-16: WARNING: use scnprintf or sprintf
./drivers/acpi/dock.c:544:8-16: WARNING: use scnprintf or sprintf
./drivers/acpi/dock.c:495:8-16: WARNING: use scnprintf or sprintf
./drivers/acpi/dock.c:506:8-16: WARNING: use scnprintf or sprintf
./drivers/acpi/acpi_lpss.c:744:8-16: WARNING: use scnprintf or sprintf
./arch/x86/events/intel/core.c:4465:8-16: WARNING: use scnprintf or sprintf
./arch/x86/events/intel/core.c:4481:8-16: WARNING: use scnprintf or sprintf
./arch/x86/events/intel/core.c:4431:8-16: WARNING: use scnprintf or sprintf
./arch/arm/mm/cache-l2x0-pmu.c:346:8-16: WARNING: use scnprintf or sprintf
./drivers/video/fbdev/uvesafb.c:1640:8-16: WARNING: use scnprintf or sprintf
./drivers/video/fbdev/uvesafb.c:1626:9-17: WARNING: use scnprintf or sprintf
./drivers/video/fbdev/uvesafb.c:1596:9-17: WARNING: use scnprintf or sprintf
./drivers/video/fbdev/uvesafb.c:1611:9-17: WARNING: use scnprintf or sprintf
./drivers/video/fbdev/uvesafb.c:1550:8-16: WARNING: use scnprintf or sprintf
./drivers/video/fbdev/uvesafb.c:1581:9-17: WARNING: use scnprintf or sprintf
./drivers/video/fbdev/omap2/omapfb/displays/panel-sony-acx565akm.c:479:9-17: WARNING: use scnprintf or sprintf
./drivers/video/fbdev/core/fbcon.c:3219:8-16: WARNING: use scnprintf or sprintf
./drivers/video/fbdev/core/fbcon.c:3194:8-16: WARNING: use scnprintf or sprintf
./drivers/scsi/mpt3sas/mpt3sas_ctl.c:2891:8-16: WARNING: use scnprintf or sprintf
./drivers/scsi/mpt3sas/mpt3sas_ctl.c:2872:8-16: WARNING: use scnprintf or sprintf
./drivers/scsi/mpt3sas/mpt3sas_ctl.c:2910:8-16: WARNING: use scnprintf or sprintf
./drivers/scsi/mpt3sas/mpt3sas_ctl.c:2954:8-16: WARNING: use scnprintf or sprintf
./drivers/scsi/mpt3sas/mpt3sas_ctl.c:3678:8-16: WARNING: use scnprintf or sprintf
./drivers/scsi/mpt3sas/mpt3sas_ctl.c:3698:8-16: WARNING: use scnprintf or sprintf
./drivers/scsi/mpt3sas/mpt3sas_ctl.c:2975:8-16: WARNING: use scnprintf or sprintf
./drivers/scsi/mpt3sas/mpt3sas_ctl.c:3053:8-16: WARNING: use scnprintf or sprintf
./drivers/scsi/mpt3sas/mpt3sas_ctl.c:2997:8-16: WARNING: use scnprintf or sprintf
./drivers/scsi/mpt3sas/mpt3sas_ctl.c:3335:9-17: WARNING: use scnprintf or sprintf
./drivers/scsi/mpt3sas/mpt3sas_ctl.c:3248:8-16: WARNING: use scnprintf or sprintf
./drivers/scsi/mpt3sas/mpt3sas_ctl.c:2932:8-16: WARNING: use scnprintf or sprintf
./drivers/scsi/mpt3sas/mpt3sas_ctl.c:3090:8-16: WARNING: use scnprintf or sprintf
./drivers/scsi/mpt3sas/mpt3sas_ctl.c:3017:8-16: WARNING: use scnprintf or sprintf
./drivers/scsi/mpt3sas/mpt3sas_ctl.c:3118:8-16: WARNING: use scnprintf or sprintf
./drivers/scsi/mpt3sas/mpt3sas_ctl.c:3836:8-16: WARNING: use scnprintf or sprintf
./drivers/scsi/mpt3sas/mpt3sas_ctl.c:3858:8-16: WARNING: use scnprintf or sprintf
./drivers/scsi/mpt3sas/mpt3sas_ctl.c:3878:8-16: WARNING: use scnprintf or sprintf
./drivers/scsi/mpt3sas/mpt3sas_ctl.c:2770:8-16: WARNING: use scnprintf or sprintf
./drivers/scsi/mpt3sas/mpt3sas_ctl.c:2745:8-16: WARNING: use scnprintf or sprintf
./drivers/scsi/mpt3sas/mpt3sas_ctl.c:2793:8-16: WARNING: use scnprintf or sprintf
./drivers/scsi/mpt3sas/mpt3sas_ctl.c:2852:8-16: WARNING: use scnprintf or sprintf
./drivers/scsi/mpt3sas/mpt3sas_ctl.c:2832:8-16: WARNING: use scnprintf or sprintf
./drivers/scsi/mpt3sas/mpt3sas_ctl.c:2813:8-16: WARNING: use scnprintf or sprintf
./drivers/scsi/fnic/fnic_attrs.c:35:8-16: WARNING: use scnprintf or sprintf
./drivers/scsi/fnic/fnic_attrs.c:43:8-16: WARNING: use scnprintf or sprintf
./drivers/scsi/fnic/fnic_attrs.c:29:8-16: WARNING: use scnprintf or sprintf
./drivers/scsi/aacraid/linit.c:1355:8-16: WARNING: use scnprintf or sprintf
./drivers/scsi/aacraid/linit.c:1381:8-16: WARNING: use scnprintf or sprintf
./drivers/scsi/aacraid/linit.c:1388:8-16: WARNING: use scnprintf or sprintf
./drivers/scsi/aacraid/linit.c:563:9-17: WARNING: use scnprintf or sprintf
./drivers/scsi/aacraid/linit.c:590:8-16: WARNING: use scnprintf or sprintf
./drivers/perf/arm_spe_pmu.c:129:8-16: WARNING: use scnprintf or sprintf
./drivers/most/most_usb.c:833:9-17: WARNING: use scnprintf or sprintf
./drivers/misc/mei/main.c:789:8-16: WARNING: use scnprintf or sprintf
./drivers/iio/light/veml6030.c:131:8-16: WARNING: use scnprintf or sprintf
./drivers/hwmon/vexpress-hwmon.c:30:8-16: WARNING: use scnprintf or sprintf
./drivers/hwmon/vexpress-hwmon.c:44:8-16: WARNING: use scnprintf or sprintf
./drivers/hwmon/vexpress-hwmon.c:63:8-16: WARNING: use scnprintf or sprintf
./drivers/hwmon/s3c-hwmon.c:169:8-16: WARNING: use scnprintf or sprintf
./drivers/hwmon/s3c-hwmon.c:190:8-16: WARNING: use scnprintf or sprintf
./drivers/hwmon/ltc4222.c:115:8-16: WARNING: use scnprintf or sprintf
./drivers/hwmon/ltc4222.c:97:8-16: WARNING: use scnprintf or sprintf
./drivers/hwmon/ltc2945.c:336:8-16: WARNING: use scnprintf or sprintf
./drivers/hwmon/ltc2945.c:229:8-16: WARNING: use scnprintf or sprintf
./drivers/hwmon/lineage-pem.c:283:8-16: WARNING: use scnprintf or sprintf
./drivers/hwmon/lineage-pem.c:299:8-16: WARNING: use scnprintf or sprintf
./drivers/hwmon/lineage-pem.c:331:8-16: WARNING: use scnprintf or sprintf
./drivers/hwmon/lineage-pem.c:315:8-16: WARNING: use scnprintf or sprintf
./drivers/hwmon/ina2xx.c:453:8-16: WARNING: use scnprintf or sprintf
./drivers/hwmon/ina2xx.c:540:8-16: WARNING: use scnprintf or sprintf
./drivers/hwmon/ina2xx.c:484:8-16: WARNING: use scnprintf or sprintf
./drivers/hwmon/ina2xx.c:313:8-16: WARNING: use scnprintf or sprintf
./drivers/hwmon/applesmc.c:919:8-16: WARNING: use scnprintf or sprintf
./drivers/hwmon/applesmc.c:989:8-16: WARNING: use scnprintf or sprintf
./drivers/hwmon/applesmc.c:1013:8-16: WARNING: use scnprintf or sprintf
./drivers/hwmon/applesmc.c:1019:8-16: WARNING: use scnprintf or sprintf
./drivers/hwmon/applesmc.c:1001:8-16: WARNING: use scnprintf or sprintf
./drivers/hwmon/applesmc.c:961:8-16: WARNING: use scnprintf or sprintf
./drivers/hwmon/applesmc.c:774:9-17: WARNING: use scnprintf or sprintf
./drivers/hwmon/applesmc.c:710:8-16: WARNING: use scnprintf or sprintf
./drivers/hwmon/applesmc.c:733:9-17: WARNING: use scnprintf or sprintf
./drivers/hwmon/applesmc.c:860:8-16: WARNING: use scnprintf or sprintf
./drivers/hwmon/applesmc.c:913:9-17: WARNING: use scnprintf or sprintf
./drivers/hwmon/applesmc.c:820:8-16: WARNING: use scnprintf or sprintf
./drivers/hwmon/applesmc.c:783:8-16: WARNING: use scnprintf or sprintf
./drivers/hwmon/applesmc.c:801:8-16: WARNING: use scnprintf or sprintf
./drivers/hid/hid-sensor-custom.c:371:10-18: WARNING: use scnprintf or sprintf
./drivers/hid/hid-roccat-kone.c:406:8-16: WARNING: use scnprintf or sprintf
./drivers/hid/hid-roccat-kone.c:397:8-16: WARNING: use scnprintf or sprintf
./drivers/hid/hid-roccat-kone.c:438:8-16: WARNING: use scnprintf or sprintf
./drivers/hid/hid-roccat-kone.c:550:8-16: WARNING: use scnprintf or sprintf
./drivers/hid/hid-roccat-kone.c:448:8-16: WARNING: use scnprintf or sprintf
./drivers/hid/hid-roccat-kone.c:429:8-16: WARNING: use scnprintf or sprintf
./drivers/char/ipmi/ipmi_ssif.c:1242:8-16: WARNING: use scnprintf or sprintf
./kernel/events/core.c:10574:8-16: WARNING: use scnprintf or sprintf
./kernel/events/core.c:10596:8-16: WARNING: use scnprintf or sprintf
./kernel/events/core.c:10585:8-16: WARNING: use scnprintf or sprintf
./drivers/tty/serial/8250/8250_aspeed_vuart.c:72:8-16: WARNING: use scnprintf or sprintf
./drivers/tty/serial/8250/8250_aspeed_vuart.c:142:8-16: WARNING: use scnprintf or sprintf
./drivers/tty/serial/8250/8250_aspeed_vuart.c:105:8-16: WARNING: use scnprintf or sprintf
./drivers/staging/fieldbus/dev_core.c:73:8-16: WARNING: use scnprintf or sprintf
./drivers/scsi/ufs/ufs-qcom.c:756:8-16: WARNING: use scnprintf or sprintf
./drivers/scsi/qla4xxx/ql4_attr.c:201:8-16: WARNING: use scnprintf or sprintf
./drivers/scsi/qla4xxx/ql4_attr.c:274:8-16: WARNING: use scnprintf or sprintf
./drivers/scsi/qla4xxx/ql4_attr.c:282:8-16: WARNING: use scnprintf or sprintf
./drivers/scsi/qla4xxx/ql4_attr.c:304:8-16: WARNING: use scnprintf or sprintf
./drivers/scsi/qla4xxx/ql4_attr.c:211:8-16: WARNING: use scnprintf or sprintf
./drivers/scsi/qla4xxx/ql4_attr.c:265:8-16: WARNING: use scnprintf or sprintf
./drivers/scsi/qla4xxx/ql4_attr.c:313:8-16: WARNING: use scnprintf or sprintf
./drivers/scsi/qla4xxx/ql4_attr.c:160:9-17: WARNING: use scnprintf or sprintf
./drivers/scsi/qla4xxx/ql4_attr.c:257:8-16: WARNING: use scnprintf or sprintf
./drivers/scsi/qla4xxx/ql4_attr.c:248:8-16: WARNING: use scnprintf or sprintf
./drivers/scsi/qla4xxx/ql4_attr.c:182:8-16: WARNING: use scnprintf or sprintf
./drivers/scsi/qla4xxx/ql4_attr.c:191:8-16: WARNING: use scnprintf or sprintf
./drivers/scsi/qla4xxx/ql4_attr.c:224:8-16: WARNING: use scnprintf or sprintf
./drivers/scsi/qla4xxx/ql4_attr.c:236:8-16: WARNING: use scnprintf or sprintf
./drivers/scsi/qla4xxx/ql4_attr.c:174:8-16: WARNING: use scnprintf or sprintf
./drivers/scsi/megaraid/megaraid_mbox.c:3992:8-16: WARNING: use scnprintf or sprintf
./drivers/scsi/megaraid/megaraid_mbox.c:4061:8-16: WARNING: use scnprintf or sprintf
./drivers/scsi/hptiop.c:1131:8-16: WARNING: use scnprintf or sprintf
./drivers/scsi/hptiop.c:1122:8-16: WARNING: use scnprintf or sprintf
./drivers/scsi/bfa/bfad_attr.c:908:8-16: WARNING: use scnprintf or sprintf
./drivers/scsi/bfa/bfad_attr.c:860:8-16: WARNING: use scnprintf or sprintf
./drivers/scsi/bfa/bfad_attr.c:888:8-16: WARNING: use scnprintf or sprintf
./drivers/scsi/bfa/bfad_attr.c:853:8-16: WARNING: use scnprintf or sprintf
./drivers/scsi/bfa/bfad_attr.c:808:8-16: WARNING: use scnprintf or sprintf
./drivers/scsi/bfa/bfad_attr.c:728:8-16: WARNING: use scnprintf or sprintf
./drivers/scsi/bfa/bfad_attr.c:822:8-16: WARNING: use scnprintf or sprintf
./drivers/scsi/bfa/bfad_attr.c:927:9-17: WARNING: use scnprintf or sprintf
./drivers/scsi/bfa/bfad_attr.c:900:8-16: WARNING: use scnprintf or sprintf
./drivers/scsi/bfa/bfad_attr.c:874:8-16: WARNING: use scnprintf or sprintf
./drivers/scsi/bfa/bfad_attr.c:714:8-16: WARNING: use scnprintf or sprintf
./drivers/scsi/bfa/bfad_attr.c:839:8-16: WARNING: use scnprintf or sprintf
./drivers/perf/arm_dsu_pmu.c:138:8-16: WARNING: use scnprintf or sprintf
./drivers/perf/arm_dsu_pmu.c:148:8-16: WARNING: use scnprintf or sprintf
./drivers/mtd/mtdcore.c:296:8-16: WARNING: use scnprintf or sprintf
./drivers/mtd/mtdcore.c:306:8-16: WARNING: use scnprintf or sprintf
./drivers/mtd/mtdcore.c:237:8-16: WARNING: use scnprintf or sprintf
./drivers/mtd/mtdcore.c:275:8-16: WARNING: use scnprintf or sprintf
./drivers/mtd/mtdcore.c:286:8-16: WARNING: use scnprintf or sprintf
./drivers/mtd/mtdcore.c:264:8-16: WARNING: use scnprintf or sprintf
./drivers/mtd/mtdcore.c:227:8-16: WARNING: use scnprintf or sprintf
./drivers/mtd/mtdcore.c:162:8-16: WARNING: use scnprintf or sprintf
./drivers/mtd/mtdcore.c:143:8-16: WARNING: use scnprintf or sprintf
./drivers/mtd/mtdcore.c:218:8-16: WARNING: use scnprintf or sprintf
./drivers/mtd/mtdcore.c:208:8-16: WARNING: use scnprintf or sprintf
./drivers/mtd/mtdcore.c:199:8-16: WARNING: use scnprintf or sprintf
./drivers/mtd/mtdcore.c:190:8-16: WARNING: use scnprintf or sprintf
./drivers/mtd/mtdcore.c:152:8-16: WARNING: use scnprintf or sprintf
./drivers/mtd/mtdcore.c:181:8-16: WARNING: use scnprintf or sprintf
./drivers/mtd/mtdcore.c:134:8-16: WARNING: use scnprintf or sprintf
./drivers/mtd/mtdcore.c:171:8-16: WARNING: use scnprintf or sprintf
./drivers/iio/industrialio-core.c:1331:8-16: WARNING: use scnprintf or sprintf
./drivers/iio/industrialio-core.c:1321:8-16: WARNING: use scnprintf or sprintf
./drivers/hwmon/smm665.c:354:8-16: WARNING: use scnprintf or sprintf
./drivers/hwmon/smm665.c:369:8-16: WARNING: use scnprintf or sprintf
./drivers/hwmon/sch5627.c:275:8-16: WARNING: use scnprintf or sprintf
./drivers/hwmon/sch5627.c:288:8-16: WARNING: use scnprintf or sprintf
./drivers/hwmon/sch5627.c:263:8-16: WARNING: use scnprintf or sprintf
./drivers/hwmon/sch5627.c:312:8-16: WARNING: use scnprintf or sprintf
./drivers/hwmon/sch5627.c:304:8-16: WARNING: use scnprintf or sprintf
./drivers/hwmon/sch5627.c:198:8-16: WARNING: use scnprintf or sprintf
./drivers/hwmon/sch5627.c:246:8-16: WARNING: use scnprintf or sprintf
./drivers/hwmon/sch5627.c:224:8-16: WARNING: use scnprintf or sprintf
./drivers/hwmon/sch5627.c:235:8-16: WARNING: use scnprintf or sprintf
./drivers/hwmon/sch5627.c:212:8-16: WARNING: use scnprintf or sprintf
./drivers/hwmon/ltc4151.c:131:8-16: WARNING: use scnprintf or sprintf
./drivers/hwmon/ina3221.c:701:8-16: WARNING: use scnprintf or sprintf
./drivers/gpu/drm/i915/i915_sysfs.c:266:8-16: WARNING: use scnprintf or sprintf
./drivers/gpu/drm/i915/i915_sysfs.c:285:8-16: WARNING: use scnprintf or sprintf
./drivers/gpu/drm/i915/i915_sysfs.c:276:8-16: WARNING: use scnprintf or sprintf
./drivers/gpu/drm/i915/i915_sysfs.c:335:8-16: WARNING: use scnprintf or sprintf
./drivers/gpu/drm/i915/i915_sysfs.c:390:8-16: WARNING: use scnprintf or sprintf
./drivers/gpu/drm/i915/i915_sysfs.c:465:8-16: WARNING: use scnprintf or sprintf
./drivers/gpu/drm/i915/i915_sysfs.c:107:8-16: WARNING: use scnprintf or sprintf
./drivers/gpu/drm/i915/i915_sysfs.c:75:8-16: WARNING: use scnprintf or sprintf
./drivers/gpu/drm/i915/i915_sysfs.c:83:8-16: WARNING: use scnprintf or sprintf
./drivers/gpu/drm/i915/i915_sysfs.c:91:8-16: WARNING: use scnprintf or sprintf
./drivers/gpu/drm/i915/i915_sysfs.c:99:8-16: WARNING: use scnprintf or sprintf
./drivers/gpu/drm/i915/i915_sysfs.c:326:8-16: WARNING: use scnprintf or sprintf
./drivers/fsi/fsi-master-gpio.c:720:8-16: WARNING: use scnprintf or sprintf
./net/netfilter/xt_IDLETIMER.c:88:9-17: WARNING: use scnprintf or sprintf
./kernel/cpu.c:2351:8-16: WARNING: use scnprintf or sprintf
./kernel/cpu.c:2337:8-16: WARNING: use scnprintf or sprintf
./drivers/video/fbdev/udlfb.c:1436:8-16: WARNING: use scnprintf or sprintf
./drivers/video/fbdev/udlfb.c:1428:8-16: WARNING: use scnprintf or sprintf
./drivers/video/fbdev/udlfb.c:1444:8-16: WARNING: use scnprintf or sprintf
./drivers/video/fbdev/udlfb.c:1452:8-16: WARNING: use scnprintf or sprintf
./drivers/video/fbdev/omap2/omapfb/displays/panel-tpo-td043mtea1.c:202:8-16: WARNING: use scnprintf or sprintf
./drivers/video/fbdev/omap2/omapfb/displays/panel-tpo-td043mtea1.c:172:8-16: WARNING: use scnprintf or sprintf
./drivers/video/fbdev/omap/omapfb_main.c:1382:8-16: WARNING: use scnprintf or sprintf
./drivers/video/fbdev/omap/omapfb_main.c:1306:8-16: WARNING: use scnprintf or sprintf
./drivers/usb/atm/cxacru.c:329:9-17: WARNING: use scnprintf or sprintf
./drivers/usb/atm/cxacru.c:312:8-16: WARNING: use scnprintf or sprintf
./drivers/tty/serial/serial_core.c:2703:8-16: WARNING: use scnprintf or sprintf
./drivers/tty/serial/serial_core.c:2713:8-16: WARNING: use scnprintf or sprintf
./drivers/tty/serial/serial_core.c:2723:8-16: WARNING: use scnprintf or sprintf
./drivers/tty/serial/serial_core.c:2683:8-16: WARNING: use scnprintf or sprintf
./drivers/tty/serial/serial_core.c:2733:8-16: WARNING: use scnprintf or sprintf
./drivers/tty/serial/serial_core.c:2743:8-16: WARNING: use scnprintf or sprintf
./drivers/tty/serial/serial_core.c:2753:8-16: WARNING: use scnprintf or sprintf
./drivers/tty/serial/serial_core.c:2673:8-16: WARNING: use scnprintf or sprintf
./drivers/tty/serial/serial_core.c:2649:8-16: WARNING: use scnprintf or sprintf
./drivers/tty/serial/serial_core.c:2663:8-16: WARNING: use scnprintf or sprintf
./drivers/tty/serial/serial_core.c:2639:8-16: WARNING: use scnprintf or sprintf
./drivers/tty/serial/serial_core.c:2629:8-16: WARNING: use scnprintf or sprintf
./drivers/tty/serial/serial_core.c:2693:8-16: WARNING: use scnprintf or sprintf
./drivers/scsi/pm8001/pm8001_ctl.c:88:8-16: WARNING: use scnprintf or sprintf
./drivers/scsi/pm8001/pm8001_ctl.c:514:8-16: WARNING: use scnprintf or sprintf
./drivers/scsi/pm8001/pm8001_ctl.c:601:8-16: WARNING: use scnprintf or sprintf
./drivers/scsi/pm8001/pm8001_ctl.c:109:9-17: WARNING: use scnprintf or sprintf
./drivers/scsi/pm8001/pm8001_ctl.c:317:8-16: WARNING: use scnprintf or sprintf
./drivers/scsi/pm8001/pm8001_ctl.c:140:9-17: WARNING: use scnprintf or sprintf
./drivers/scsi/pm8001/pm8001_ctl.c:166:9-17: WARNING: use scnprintf or sprintf
./drivers/scsi/pm8001/pm8001_ctl.c:338:8-16: WARNING: use scnprintf or sprintf
./drivers/scsi/pm8001/pm8001_ctl.c:217:9-17: WARNING: use scnprintf or sprintf
./drivers/scsi/pm8001/pm8001_ctl.c:193:9-17: WARNING: use scnprintf or sprintf
./drivers/scsi/pm8001/pm8001_ctl.c:244:9-17: WARNING: use scnprintf or sprintf
./drivers/scsi/pm8001/pm8001_ctl.c:63:9-17: WARNING: use scnprintf or sprintf
./drivers/scsi/pm8001/pm8001_ctl.c:881:8-16: WARNING: use scnprintf or sprintf
./drivers/scsi/mvsas/mv_init.c:703:8-16: WARNING: use scnprintf or sprintf
./drivers/scsi/mvsas/mv_init.c:755:8-16: WARNING: use scnprintf or sprintf
./drivers/scsi/megaraid/megaraid_sas_base.c:3331:8-16: WARNING: use scnprintf or sprintf
./drivers/scsi/megaraid/megaraid_sas_base.c:3321:8-16: WARNING: use scnprintf or sprintf
./drivers/scsi/megaraid/megaraid_sas_base.c:3247:8-16: WARNING: use scnprintf or sprintf
./drivers/scsi/megaraid/megaraid_sas_base.c:3294:8-16: WARNING: use scnprintf or sprintf
./drivers/scsi/megaraid/megaraid_sas_base.c:3311:8-16: WARNING: use scnprintf or sprintf
./drivers/scsi/megaraid/megaraid_sas_base.c:3301:8-16: WARNING: use scnprintf or sprintf
./drivers/scsi/megaraid/megaraid_sas_base.c:3385:8-16: WARNING: use scnprintf or sprintf
./drivers/scsi/be2iscsi/be_mgmt.c:1245:9-17: WARNING: use scnprintf or sprintf
./drivers/scsi/be2iscsi/be_mgmt.c:1139:8-16: WARNING: use scnprintf or sprintf
./drivers/scsi/be2iscsi/be_mgmt.c:1158:8-16: WARNING: use scnprintf or sprintf
./drivers/scsi/be2iscsi/be_mgmt.c:1278:8-16: WARNING: use scnprintf or sprintf
./drivers/scsi/arcmsr/arcmsr_attr.c:299:8-16: WARNING: use scnprintf or sprintf
./drivers/scsi/arcmsr/arcmsr_attr.c:275:8-16: WARNING: use scnprintf or sprintf
./drivers/scsi/arcmsr/arcmsr_attr.c:287:8-16: WARNING: use scnprintf or sprintf
./drivers/scsi/arcmsr/arcmsr_attr.c:263:8-16: WARNING: use scnprintf or sprintf
./drivers/scsi/arcmsr/arcmsr_attr.c:376:8-16: WARNING: use scnprintf or sprintf
./drivers/scsi/arcmsr/arcmsr_attr.c:311:8-16: WARNING: use scnprintf or sprintf
./drivers/scsi/arcmsr/arcmsr_attr.c:350:8-16: WARNING: use scnprintf or sprintf
./drivers/scsi/arcmsr/arcmsr_attr.c:337:8-16: WARNING: use scnprintf or sprintf
./drivers/scsi/arcmsr/arcmsr_attr.c:363:8-16: WARNING: use scnprintf or sprintf
./drivers/scsi/arcmsr/arcmsr_attr.c:324:8-16: WARNING: use scnprintf or sprintf
./drivers/scsi/53c700.c:2063:8-16: WARNING: use scnprintf or sprintf
./drivers/s390/net/qeth_core_sys.c:415:9-17: WARNING: use scnprintf or sprintf
./drivers/s390/net/qeth_core_sys.c:505:9-17: WARNING: use scnprintf or sprintf
./drivers/s390/char/raw3270.c:1075:8-16: WARNING: use scnprintf or sprintf
./drivers/s390/char/raw3270.c:1059:8-16: WARNING: use scnprintf or sprintf
./drivers/s390/char/raw3270.c:1067:8-16: WARNING: use scnprintf or sprintf
./drivers/platform/x86/thinkpad_acpi.c:3050:8-16: WARNING: use scnprintf or sprintf
./drivers/platform/x86/thinkpad_acpi.c:9878:8-16: WARNING: use scnprintf or sprintf
./drivers/platform/x86/thinkpad_acpi.c:8693:8-16: WARNING: use scnprintf or sprintf
./drivers/platform/x86/thinkpad_acpi.c:8710:8-16: WARNING: use scnprintf or sprintf
./drivers/platform/x86/thinkpad_acpi.c:8574:8-16: WARNING: use scnprintf or sprintf
./drivers/platform/x86/thinkpad_acpi.c:8640:8-16: WARNING: use scnprintf or sprintf
./drivers/platform/x86/thinkpad_acpi.c:2841:8-16: WARNING: use scnprintf or sprintf
./drivers/platform/x86/thinkpad_acpi.c:2830:8-16: WARNING: use scnprintf or sprintf
./drivers/platform/x86/thinkpad_acpi.c:2820:8-16: WARNING: use scnprintf or sprintf
./drivers/platform/x86/thinkpad_acpi.c:2744:8-16: WARNING: use scnprintf or sprintf
./drivers/platform/x86/thinkpad_acpi.c:2772:8-16: WARNING: use scnprintf or sprintf
./drivers/platform/x86/thinkpad_acpi.c:2917:8-16: WARNING: use scnprintf or sprintf
./drivers/platform/x86/thinkpad_acpi.c:2959:8-16: WARNING: use scnprintf or sprintf
./drivers/platform/x86/thinkpad_acpi.c:2852:8-16: WARNING: use scnprintf or sprintf
./drivers/platform/x86/thinkpad_acpi.c:2866:8-16: WARNING: use scnprintf or sprintf
./drivers/platform/x86/thinkpad_acpi.c:2982:8-16: WARNING: use scnprintf or sprintf
./drivers/platform/x86/thinkpad_acpi.c:3015:8-16: WARNING: use scnprintf or sprintf
./drivers/platform/x86/thinkpad_acpi.c:2999:8-16: WARNING: use scnprintf or sprintf
./drivers/platform/x86/thinkpad_acpi.c:6373:8-16: WARNING: use scnprintf or sprintf
./drivers/iio/trigger/iio-trig-hrtimer.c:41:8-16: WARNING: use scnprintf or sprintf
./drivers/hwmon/sch5636.c:275:8-16: WARNING: use scnprintf or sprintf
./drivers/hwmon/sch5636.c:261:8-16: WARNING: use scnprintf or sprintf
./drivers/hwmon/sch5636.c:247:8-16: WARNING: use scnprintf or sprintf
./drivers/hwmon/sch5636.c:187:8-16: WARNING: use scnprintf or sprintf
./drivers/hwmon/sch5636.c:179:8-16: WARNING: use scnprintf or sprintf
./drivers/hwmon/sch5636.c:163:8-16: WARNING: use scnprintf or sprintf
./drivers/hwmon/sch5636.c:230:8-16: WARNING: use scnprintf or sprintf
./drivers/hwmon/sch5636.c:216:8-16: WARNING: use scnprintf or sprintf
./drivers/hwmon/sch5636.c:202:8-16: WARNING: use scnprintf or sprintf
./drivers/hwmon/max16065.c:190:8-16: WARNING: use scnprintf or sprintf
./drivers/hwmon/max16065.c:215:8-16: WARNING: use scnprintf or sprintf
./drivers/hwmon/max16065.c:203:8-16: WARNING: use scnprintf or sprintf
./drivers/hwmon/max16065.c:252:8-16: WARNING: use scnprintf or sprintf
./drivers/hid/hid-roccat-isku.c:66:8-16: WARNING: use scnprintf or sprintf
./drivers/hid/hid-lenovo.c:568:8-16: WARNING: use scnprintf or sprintf
./drivers/hid/hid-lenovo.c:342:8-16: WARNING: use scnprintf or sprintf
./drivers/hid/hid-lenovo.c:687:8-16: WARNING: use scnprintf or sprintf
./drivers/hid/hid-lenovo.c:538:8-16: WARNING: use scnprintf or sprintf
./drivers/hid/hid-lenovo.c:598:8-16: WARNING: use scnprintf or sprintf
./drivers/hid/hid-lenovo.c:628:8-16: WARNING: use scnprintf or sprintf
./drivers/hid/hid-lenovo.c:381:8-16: WARNING: use scnprintf or sprintf
./drivers/hid/hid-lenovo.c:658:8-16: WARNING: use scnprintf or sprintf
./drivers/gpu/drm/omapdrm/displays/panel-dsi-cm.c:465:8-16: WARNING: use scnprintf or sprintf
./drivers/gpu/drm/omapdrm/displays/panel-dsi-cm.c:435:8-16: WARNING: use scnprintf or sprintf
./drivers/gpu/drm/omapdrm/displays/panel-dsi-cm.c:513:8-16: WARNING: use scnprintf or sprintf
./drivers/gpu/drm/omapdrm/displays/panel-dsi-cm.c:558:8-16: WARNING: use scnprintf or sprintf
./drivers/gpu/drm/arm/display/komeda/komeda_dev.c:108:8-16: WARNING: use scnprintf or sprintf
./drivers/gpu/drm/arm/display/komeda/komeda_dev.c:99:8-16: WARNING: use scnprintf or sprintf
./drivers/gpu/drm/arm/display/komeda/komeda_dev.c:76:8-16: WARNING: use scnprintf or sprintf
./drivers/gpu/drm/amd/amdgpu/amdgpu_xgmi.c:234:8-16: WARNING: use scnprintf or sprintf
./drivers/gpu/drm/amd/amdgpu/amdgpu_xgmi.c:263:8-16: WARNING: use scnprintf or sprintf
./drivers/gpu/drm/amd/amdgpu/amdgpu_xgmi.c:181:8-16: WARNING: use scnprintf or sprintf
./drivers/gpu/drm/amd/amdgpu/amdgpu_ras.c:422:9-17: WARNING: use scnprintf or sprintf
./drivers/fsi/fsi-master-ast-cf.c:1085:8-16: WARNING: use scnprintf or sprintf
./drivers/acpi/bgrt.c:28:8-16: WARNING: use scnprintf or sprintf
./drivers/acpi/bgrt.c:35:8-16: WARNING: use scnprintf or sprintf
./drivers/acpi/bgrt.c:21:8-16: WARNING: use scnprintf or sprintf
./drivers/acpi/bgrt.c:42:8-16: WARNING: use scnprintf or sprintf
./drivers/acpi/bgrt.c:49:8-16: WARNING: use scnprintf or sprintf
./drivers/usb/usbip/vudc_sysfs.c:203:8-16: WARNING: use scnprintf or sprintf
./drivers/tty/serial/8250/8250_port.c:3033:8-16: WARNING: use scnprintf or sprintf
./drivers/scsi/pcmcia/sym53c500_cs.c:621:8-16: WARNING: use scnprintf or sprintf
./drivers/scsi/isci/init.c:140:8-16: WARNING: use scnprintf or sprintf
./drivers/scsi/ibmvscsi/ibmvfc.c:2996:8-16: WARNING: use scnprintf or sprintf
./drivers/scsi/ibmvscsi/ibmvfc.c:2959:8-16: WARNING: use scnprintf or sprintf
./drivers/scsi/ibmvscsi/ibmvfc.c:2979:8-16: WARNING: use scnprintf or sprintf
./drivers/scsi/ibmvscsi/ibmvfc.c:2969:8-16: WARNING: use scnprintf or sprintf
./drivers/scsi/ibmvscsi/ibmvfc.c:2988:8-16: WARNING: use scnprintf or sprintf
./drivers/scsi/ibmvscsi/ibmvfc.c:2949:8-16: WARNING: use scnprintf or sprintf
./drivers/hid/hid-sony.c:611:8-16: WARNING: use scnprintf or sprintf
./drivers/hid/hid-sony.c:648:8-16: WARNING: use scnprintf or sprintf
./drivers/hid/hid-sony.c:660:8-16: WARNING: use scnprintf or sprintf
./drivers/gpu/drm/drm_sysfs.c:172:8-16: WARNING: use scnprintf or sprintf
./drivers/gpu/drm/drm_sysfs.c:185:8-16: WARNING: use scnprintf or sprintf
./drivers/gpu/drm/drm_sysfs.c:159:8-16: WARNING: use scnprintf or sprintf
./drivers/gpu/drm/amd/amdgpu/amdgpu_vram_mgr.c:69:8-16: WARNING: use scnprintf or sprintf
./drivers/gpu/drm/amd/amdgpu/amdgpu_vram_mgr.c:104:8-16: WARNING: use scnprintf or sprintf
./drivers/gpu/drm/amd/amdgpu/amdgpu_vram_mgr.c:52:8-16: WARNING: use scnprintf or sprintf
./drivers/gpu/drm/amd/amdgpu/amdgpu_vram_mgr.c:86:8-16: WARNING: use scnprintf or sprintf
./drivers/gpu/drm/amd/amdgpu/amdgpu_vram_mgr.c:117:9-17: WARNING: use scnprintf or sprintf
./drivers/gpu/drm/amd/amdgpu/amdgpu_gtt_mgr.c:52:8-16: WARNING: use scnprintf or sprintf
./drivers/gpu/drm/amd/amdgpu/amdgpu_gtt_mgr.c:70:8-16: WARNING: use scnprintf or sprintf
./drivers/edac/edac_mc_sysfs.c:210:8-16: WARNING: use scnprintf or sprintf
./drivers/edac/edac_mc_sysfs.c:490:8-16: WARNING: use scnprintf or sprintf
./drivers/crypto/picoxcell_crypto.c:1200:8-16: WARNING: use scnprintf or sprintf
./drivers/block/aoe/aoeblk.c:102:8-16: WARNING: use scnprintf or sprintf
./drivers/block/aoe/aoeblk.c:55:9-17: WARNING: use scnprintf or sprintf
./drivers/block/aoe/aoeblk.c:88:9-17: WARNING: use scnprintf or sprintf
./drivers/block/aoe/aoeblk.c:110:8-16: WARNING: use scnprintf or sprintf
./drivers/block/aoe/aoeblk.c:40:8-16: WARNING: use scnprintf or sprintf
./drivers/ata/libata-sata.c:954:8-16: WARNING: use scnprintf or sprintf
./drivers/ata/libata-sata.c:830:8-16: WARNING: use scnprintf or sprintf
./arch/x86/events/core.c:2228:8-16: WARNING: use scnprintf or sprintf
./arch/x86/events/core.c:2286:8-16: WARNING: use scnprintf or sprintf
./drivers/staging/fbtft/fbtft-sysfs.c:202:8-16: WARNING: use scnprintf or sprintf
./drivers/scsi/ufs/ufshcd.c:1757:8-16: WARNING: use scnprintf or sprintf
./drivers/scsi/ufs/ufshcd.c:1780:8-16: WARNING: use scnprintf or sprintf
./drivers/scsi/ufs/ufshcd.c:1465:8-16: WARNING: use scnprintf or sprintf
./drivers/scsi/pmcraid.c:4091:8-16: WARNING: use scnprintf or sprintf
./drivers/scsi/pmcraid.c:4058:8-16: WARNING: use scnprintf or sprintf
./drivers/scsi/pmcraid.c:3999:8-16: WARNING: use scnprintf or sprintf
./drivers/scsi/csiostor/csio_scsi.c:1433:8-16: WARNING: use scnprintf or sprintf
./drivers/scsi/csiostor/csio_scsi.c:1369:9-17: WARNING: use scnprintf or sprintf
./drivers/scsi/csiostor/csio_scsi.c:1477:8-16: WARNING: use scnprintf or sprintf
./drivers/scsi/aic94xx/aic94xx_init.c:275:8-16: WARNING: use scnprintf or sprintf
./drivers/scsi/aic94xx/aic94xx_init.c:283:8-16: WARNING: use scnprintf or sprintf
./drivers/scsi/aic94xx/aic94xx_init.c:266:8-16: WARNING: use scnprintf or sprintf
./drivers/scsi/aic94xx/aic94xx_init.c:454:8-16: WARNING: use scnprintf or sprintf
./drivers/s390/cio/chp.c:285:8-16: WARNING: use scnprintf or sprintf
./drivers/platform/x86/panasonic-laptop.c:371:8-16: WARNING: use scnprintf or sprintf
./drivers/platform/x86/panasonic-laptop.c:383:8-16: WARNING: use scnprintf or sprintf
./drivers/platform/x86/panasonic-laptop.c:359:8-16: WARNING: use scnprintf or sprintf
./drivers/platform/x86/panasonic-laptop.c:395:8-16: WARNING: use scnprintf or sprintf
./drivers/platform/x86/lg-laptop.c:496:8-16: WARNING: use scnprintf or sprintf
./drivers/platform/x86/lg-laptop.c:322:8-16: WARNING: use scnprintf or sprintf
./drivers/platform/x86/lg-laptop.c:447:8-16: WARNING: use scnprintf or sprintf
./drivers/platform/x86/lg-laptop.c:406:8-16: WARNING: use scnprintf or sprintf
./drivers/platform/x86/lg-laptop.c:364:8-16: WARNING: use scnprintf or sprintf
./drivers/perf/arm-cci.c:309:8-16: WARNING: use scnprintf or sprintf
./drivers/perf/arm-cci.c:528:8-16: WARNING: use scnprintf or sprintf
./drivers/perf/arm-cci.c:708:8-16: WARNING: use scnprintf or sprintf
./drivers/perf/arm-cci.c:699:8-16: WARNING: use scnprintf or sprintf
./drivers/net/wireless/ath/ath5k/sysfs.c:76:8-16: WARNING: use scnprintf or sprintf
./drivers/net/wireless/ath/ath5k/sysfs.c:67:8-16: WARNING: use scnprintf or sprintf
./drivers/hwmon/xgene-hwmon.c:377:8-16: WARNING: use scnprintf or sprintf
./drivers/hwmon/xgene-hwmon.c:355:8-16: WARNING: use scnprintf or sprintf
./drivers/hwmon/xgene-hwmon.c:392:8-16: WARNING: use scnprintf or sprintf
./drivers/hwmon/xgene-hwmon.c:362:8-16: WARNING: use scnprintf or sprintf
./drivers/hwmon/xgene-hwmon.c:348:8-16: WARNING: use scnprintf or sprintf
./drivers/hwmon/xgene-hwmon.c:332:8-16: WARNING: use scnprintf or sprintf
./drivers/hwmon/xgene-hwmon.c:339:8-16: WARNING: use scnprintf or sprintf
./drivers/hwmon/pmbus/inspur-ipsps.c:94:8-16: WARNING: use scnprintf or sprintf
./drivers/hwmon/pmbus/inspur-ipsps.c:114:9-17: WARNING: use scnprintf or sprintf
./drivers/hwmon/pmbus/inspur-ipsps.c:73:8-16: WARNING: use scnprintf or sprintf
./drivers/hwmon/occ/sysfs.c:80:8-16: WARNING: use scnprintf or sprintf
./drivers/hwmon/occ/sysfs.c:70:8-16: WARNING: use scnprintf or sprintf
./drivers/hid/wacom_sys.c:1796:8-16: WARNING: use scnprintf or sprintf
./drivers/gpu/drm/amd/amdgpu/df_v3_6.c:262:8-16: WARNING: use scnprintf or sprintf
./drivers/gpu/drm/amd/amdgpu/amdgpu_psp.c:2441:8-16: WARNING: use scnprintf or sprintf
./drivers/char/ipmi/ipmi_msghandler.c:2694:8-16: WARNING: use scnprintf or sprintf
./drivers/char/ipmi/ipmi_msghandler.c:2743:8-16: WARNING: use scnprintf or sprintf
./drivers/char/ipmi/ipmi_msghandler.c:2612:8-16: WARNING: use scnprintf or sprintf
./drivers/char/ipmi/ipmi_msghandler.c:2659:8-16: WARNING: use scnprintf or sprintf
./drivers/char/ipmi/ipmi_msghandler.c:2765:8-16: WARNING: use scnprintf or sprintf
./drivers/char/ipmi/ipmi_msghandler.c:2676:8-16: WARNING: use scnprintf or sprintf
./drivers/char/ipmi/ipmi_msghandler.c:2711:8-16: WARNING: use scnprintf or sprintf
./drivers/char/ipmi/ipmi_msghandler.c:2727:8-16: WARNING: use scnprintf or sprintf
./drivers/char/ipmi/ipmi_msghandler.c:2628:8-16: WARNING: use scnprintf or sprintf
./drivers/char/ipmi/ipmi_msghandler.c:2643:8-16: WARNING: use scnprintf or sprintf
./drivers/video/fbdev/sm501fb.c:1169:8-16: WARNING: use scnprintf or sprintf
./drivers/video/fbdev/gbefb.c:1065:8-16: WARNING: use scnprintf or sprintf
./drivers/video/fbdev/gbefb.c:1072:8-16: WARNING: use scnprintf or sprintf
./drivers/staging/comedi/comedi_fops.c:399:8-16: WARNING: use scnprintf or sprintf
./drivers/staging/comedi/comedi_fops.c:512:8-16: WARNING: use scnprintf or sprintf
./drivers/staging/comedi/comedi_fops.c:455:8-16: WARNING: use scnprintf or sprintf
./drivers/staging/comedi/comedi_fops.c:568:8-16: WARNING: use scnprintf or sprintf
./drivers/scsi/scsi_transport_sas.c:519:9-17: WARNING: use scnprintf or sprintf
./drivers/scsi/scsi_transport_sas.c:566:8-16: WARNING: use scnprintf or sprintf
./drivers/scsi/scsi_transport_sas.c:1169:9-17: WARNING: use scnprintf or sprintf
./drivers/scsi/scsi_transport_fc.c:1557:9-17: WARNING: use scnprintf or sprintf
./drivers/scsi/scsi_transport_fc.c:1481:9-17: WARNING: use scnprintf or sprintf
./drivers/scsi/scsi_transport_fc.c:1505:9-17: WARNING: use scnprintf or sprintf
./drivers/scsi/scsi_transport_fc.c:1590:8-16: WARNING: use scnprintf or sprintf
./drivers/scsi/scsi_transport_fc.c:955:9-17: WARNING: use scnprintf or sprintf
./drivers/scsi/scsi_transport_fc.c:921:10-18: WARNING: use scnprintf or sprintf
./drivers/scsi/scsi_transport_fc.c:826:9-17: WARNING: use scnprintf or sprintf
./drivers/scsi/scsi_transport_fc.c:1255:9-17: WARNING: use scnprintf or sprintf
./drivers/scsi/myrb.c:2170:8-16: WARNING: use scnprintf or sprintf
./drivers/scsi/myrb.c:2180:8-16: WARNING: use scnprintf or sprintf
./drivers/scsi/myrb.c:2190:8-16: WARNING: use scnprintf or sprintf
./drivers/scsi/myrb.c:1916:10-18: WARNING: use scnprintf or sprintf
./drivers/scsi/myrb.c:1797:9-17: WARNING: use scnprintf or sprintf
./drivers/scsi/myrb.c:1933:9-17: WARNING: use scnprintf or sprintf
./drivers/s390/block/dasd_devmap.c:1196:8-16: WARNING: use scnprintf or sprintf
./drivers/s390/block/dasd_devmap.c:829:8-16: WARNING: use scnprintf or sprintf
./drivers/s390/block/dasd_devmap.c:726:8-16: WARNING: use scnprintf or sprintf
./drivers/s390/block/dasd_devmap.c:1393:9-17: WARNING: use scnprintf or sprintf
./drivers/s390/block/dasd_devmap.c:1573:8-16: WARNING: use scnprintf or sprintf
./drivers/s390/block/dasd_devmap.c:1452:9-17: WARNING: use scnprintf or sprintf
./drivers/s390/block/dasd_devmap.c:768:8-16: WARNING: use scnprintf or sprintf
./drivers/s390/block/dasd_devmap.c:1143:9-17: WARNING: use scnprintf or sprintf
./drivers/s390/block/dasd_devmap.c:1115:9-17: WARNING: use scnprintf or sprintf
./drivers/ptp/ptp_sysfs.c:16:8-16: WARNING: use scnprintf or sprintf
./drivers/ptp/ptp_sysfs.c:230:8-16: WARNING: use scnprintf or sprintf
./drivers/most/core.c:254:8-16: WARNING: use scnprintf or sprintf
./drivers/most/core.c:398:8-16: WARNING: use scnprintf or sprintf
./drivers/most/core.c:409:9-17: WARNING: use scnprintf or sprintf
./drivers/most/core.c:211:8-16: WARNING: use scnprintf or sprintf
./drivers/most/core.c:222:8-16: WARNING: use scnprintf or sprintf
./drivers/most/core.c:272:8-16: WARNING: use scnprintf or sprintf
./drivers/most/core.c:297:10-18: WARNING: use scnprintf or sprintf
./drivers/most/core.c:326:8-16: WARNING: use scnprintf or sprintf
./drivers/most/core.c:282:9-17: WARNING: use scnprintf or sprintf
./drivers/most/core.c:263:8-16: WARNING: use scnprintf or sprintf
./drivers/most/core.c:318:8-16: WARNING: use scnprintf or sprintf
./drivers/most/core.c:309:8-16: WARNING: use scnprintf or sprintf
./drivers/most/core.c:233:8-16: WARNING: use scnprintf or sprintf
./drivers/most/core.c:244:8-16: WARNING: use scnprintf or sprintf
./drivers/mfd/janz-cmodio.c:157:8-16: WARNING: use scnprintf or sprintf
./drivers/macintosh/ams/ams-core.c:53:8-16: WARNING: use scnprintf or sprintf
./drivers/input/tablet/aiptek.c:1629:8-16: WARNING: use scnprintf or sprintf
./drivers/input/tablet/aiptek.c:1104:8-16: WARNING: use scnprintf or sprintf
./drivers/input/tablet/aiptek.c:1358:8-16: WARNING: use scnprintf or sprintf
./drivers/input/tablet/aiptek.c:1319:8-16: WARNING: use scnprintf or sprintf
./drivers/input/tablet/aiptek.c:1571:8-16: WARNING: use scnprintf or sprintf
./drivers/input/tablet/aiptek.c:1260:8-16: WARNING: use scnprintf or sprintf
./drivers/input/tablet/aiptek.c:1616:8-16: WARNING: use scnprintf or sprintf
./drivers/input/tablet/aiptek.c:1447:8-16: WARNING: use scnprintf or sprintf
./drivers/input/tablet/aiptek.c:1477:8-16: WARNING: use scnprintf or sprintf
./drivers/input/tablet/aiptek.c:1507:8-16: WARNING: use scnprintf or sprintf
./drivers/input/tablet/aiptek.c:1603:8-16: WARNING: use scnprintf or sprintf
./drivers/input/tablet/aiptek.c:1067:8-16: WARNING: use scnprintf or sprintf
./drivers/input/tablet/aiptek.c:1289:8-16: WARNING: use scnprintf or sprintf
./drivers/input/tablet/aiptek.c:1039:8-16: WARNING: use scnprintf or sprintf
./drivers/input/tablet/aiptek.c:1409:8-16: WARNING: use scnprintf or sprintf
./drivers/input/tablet/aiptek.c:1378:8-16: WARNING: use scnprintf or sprintf
./drivers/input/tablet/aiptek.c:1146:8-16: WARNING: use scnprintf or sprintf
./drivers/input/tablet/aiptek.c:1538:9-17: WARNING: use scnprintf or sprintf
./drivers/input/tablet/aiptek.c:1177:9-17: WARNING: use scnprintf or sprintf
./drivers/input/tablet/aiptek.c:1219:9-17: WARNING: use scnprintf or sprintf
./drivers/iio/chemical/sps30.c:414:8-16: WARNING: use scnprintf or sprintf
./drivers/ide/ide-park.c:112:8-16: WARNING: use scnprintf or sprintf
./drivers/hwmon/pmbus/pmbus_core.c:968:8-16: WARNING: use scnprintf or sprintf
./drivers/hwmon/pmbus/pmbus_core.c:1014:8-16: WARNING: use scnprintf or sprintf
./drivers/hwmon/pmbus/pmbus_core.c:2014:8-16: WARNING: use scnprintf or sprintf
./drivers/hwmon/pmbus/pmbus_core.c:980:8-16: WARNING: use scnprintf or sprintf
./drivers/hwmon/ltc4261.c:150:8-16: WARNING: use scnprintf or sprintf
./drivers/hwmon/ltc4261.c:133:8-16: WARNING: use scnprintf or sprintf
./drivers/hwmon/ltc2990.c:150:8-16: WARNING: use scnprintf or sprintf
./drivers/hwmon/ina209.c:366:8-16: WARNING: use scnprintf or sprintf
./drivers/hwmon/ina209.c:262:8-16: WARNING: use scnprintf or sprintf
./drivers/hwmon/ina209.c:346:8-16: WARNING: use scnprintf or sprintf
./drivers/hid/hid-roccat-kovaplus.c:330:8-16: WARNING: use scnprintf or sprintf
./drivers/hid/hid-roccat-kovaplus.c:277:8-16: WARNING: use scnprintf or sprintf
./drivers/hid/hid-roccat-kovaplus.c:339:8-16: WARNING: use scnprintf or sprintf
./drivers/hid/hid-roccat-kovaplus.c:349:8-16: WARNING: use scnprintf or sprintf
./drivers/hid/hid-roccat-kovaplus.c:370:8-16: WARNING: use scnprintf or sprintf
./drivers/hid/hid-roccat-arvo.c:149:8-16: WARNING: use scnprintf or sprintf
./drivers/hid/hid-roccat-arvo.c:95:8-16: WARNING: use scnprintf or sprintf
./drivers/hid/hid-roccat-arvo.c:45:8-16: WARNING: use scnprintf or sprintf
./drivers/gpu/drm/panel/panel-tpo-td043mtea1.c:217:8-16: WARNING: use scnprintf or sprintf
./drivers/gpu/drm/panel/panel-tpo-td043mtea1.c:189:8-16: WARNING: use scnprintf or sprintf
./drivers/gpu/drm/nouveau/nouveau_hwmon.c:44:8-16: WARNING: use scnprintf or sprintf
./drivers/gpu/drm/nouveau/nouveau_hwmon.c:57:8-16: WARNING: use scnprintf or sprintf
./drivers/gpu/drm/nouveau/nouveau_hwmon.c:90:8-16: WARNING: use scnprintf or sprintf
./drivers/gpu/drm/arm/malidp_drv.c:655:8-16: WARNING: use scnprintf or sprintf
./drivers/gpu/drm/amd/amdgpu/amdgpu_pm.c:1764:8-16: WARNING: use scnprintf or sprintf
./drivers/gpu/drm/amd/amdgpu/amdgpu_pm.c:1802:8-16: WARNING: use scnprintf or sprintf
./drivers/gpu/drm/amd/amdgpu/amdgpu_pm.c:1846:8-16: WARNING: use scnprintf or sprintf
./drivers/gpu/drm/amd/amdgpu/amdgpu_pm.c:329:8-16: WARNING: use scnprintf or sprintf
./drivers/gpu/drm/amd/amdgpu/amdgpu_pm.c:189:8-16: WARNING: use scnprintf or sprintf
./drivers/gpu/drm/amd/amdgpu/amdgpu_pm.c:531:8-16: WARNING: use scnprintf or sprintf
./drivers/gpu/drm/amd/amdgpu/amdgpu_pm.c:547:9-17: WARNING: use scnprintf or sprintf
./drivers/gpu/drm/amd/amdgpu/amdgpu_pm.c:1566:8-16: WARNING: use scnprintf or sprintf
./drivers/gpu/drm/amd/amdgpu/amdgpu_pm.c:1493:8-16: WARNING: use scnprintf or sprintf
./drivers/gpu/drm/amd/amdgpu/amdgpu_pm.c:1898:8-16: WARNING: use scnprintf or sprintf
./drivers/gpu/drm/amd/amdgpu/amdgpu_pm.c:1871:9-17: WARNING: use scnprintf or sprintf
./drivers/gpu/drm/amd/amdgpu/amdgpu_pm.c:2531:8-16: WARNING: use scnprintf or sprintf
./drivers/gpu/drm/amd/amdgpu/amdgpu_pm.c:2501:8-16: WARNING: use scnprintf or sprintf
./drivers/gpu/drm/amd/amdgpu/amdgpu_pm.c:2205:8-16: WARNING: use scnprintf or sprintf
./drivers/gpu/drm/amd/amdgpu/amdgpu_pm.c:2997:8-16: WARNING: use scnprintf or sprintf
./drivers/gpu/drm/amd/amdgpu/amdgpu_pm.c:3004:8-16: WARNING: use scnprintf or sprintf
./drivers/gpu/drm/amd/amdgpu/amdgpu_pm.c:2221:8-16: WARNING: use scnprintf or sprintf
./drivers/gpu/drm/amd/amdgpu/amdgpu_pm.c:2810:8-16: WARNING: use scnprintf or sprintf
./drivers/gpu/drm/amd/amdgpu/amdgpu_pm.c:2960:8-16: WARNING: use scnprintf or sprintf
./drivers/gpu/drm/amd/amdgpu/amdgpu_pm.c:2967:8-16: WARNING: use scnprintf or sprintf
./drivers/gpu/drm/amd/amdgpu/amdgpu_pm.c:2173:8-16: WARNING: use scnprintf or sprintf
./drivers/gpu/drm/amd/amdgpu/amdgpu_pm.c:2259:8-16: WARNING: use scnprintf or sprintf
./drivers/gpu/drm/amd/amdgpu/amdgpu_pm.c:2233:8-16: WARNING: use scnprintf or sprintf
./drivers/gpu/drm/amd/amdgpu/amdgpu_pm.c:2189:8-16: WARNING: use scnprintf or sprintf
./drivers/gpu/drm/amd/amdgpu/amdgpu_pm.c:2728:8-16: WARNING: use scnprintf or sprintf
./drivers/gpu/drm/amd/amdgpu/amdgpu_pm.c:2735:8-16: WARNING: use scnprintf or sprintf
./drivers/gpu/drm/amd/amdgpu/amdgpu_pm.c:2769:8-16: WARNING: use scnprintf or sprintf
./drivers/gpu/drm/amd/amdgpu/amdgpu_pm.c:2776:8-16: WARNING: use scnprintf or sprintf
./drivers/char/ipmi/ipmi_si_intf.c:1617:8-16: WARNING: use scnprintf or sprintf
./drivers/char/ipmi/ipmi_si_intf.c:1640:8-16: WARNING: use scnprintf or sprintf
./drivers/char/ipmi/ipmi_si_intf.c:1606:8-16: WARNING: use scnprintf or sprintf
./drivers/base/core.c:1763:8-16: WARNING: use scnprintf or sprintf
./drivers/base/core.c:1742:8-16: WARNING: use scnprintf or sprintf
./drivers/base/core.c:1712:8-16: WARNING: use scnprintf or sprintf
./arch/x86/events/intel/pt.c:95:8-16: WARNING: use scnprintf or sprintf
./fs/omfs/inode.c:366:9-16: WARNING opportunity for kmemdup
./security/integrity/ima/ima_policy.c:287:10-17: WARNING opportunity for kmemdup
./drivers/scsi/aic7xxx/aic79xx_core.c:9405:27-34: WARNING opportunity for kmemdup
./drivers/scsi/aic7xxx/aic7xxx_core.c:6882:27-34: WARNING opportunity for kmemdup
File "./scripts/coccinelle/api/memdup_user.cocci", line 28, column 11,  charpos = 719
    around = ':', whole content = position p : script:python() { relevant(p) };
coccicheck failed
Makefile:1842: recipe for target 'coccicheck' failed
make: *** [coccicheck] Error 2
